2023-03-22 08:33:53,554 [1] INFO CaseDbRepository - Creating CaseDbRepository
2023-03-22 08:33:53,562 [1] INFO DonationDbRepository - Creating DonationDbRepository 
2023-03-22 08:33:53,562 [1] INFO DonorDbRepository - Creating DonorDbRepository 
2023-03-22 08:33:53,562 [1] INFO VolunteerDbRepository - Creating VolunteerDbRepository 
2023-03-22 08:33:53,567 [1] INFO CaseDbRepository - Entering GetAll 
2023-03-22 08:33:53,632 [1] INFO CaseDbRepository - Exiting GetAll
2023-03-22 08:33:53,634 [1] INFO CaseDbRepository - Entering findOne with value 1
2023-03-22 08:33:53,639 [1] INFO CaseDbRepository - Exiting findOne with value {CharityTeledon.model.Case ANOHELP,3866,5}
2023-03-22 08:33:53,640 [1] INFO DonationDbRepository - Entering Add value {CharityTeledon.model.Donation 120,2,3}
2023-03-22 08:33:53,649 [1] INFO DonationDbRepository - Succesfully added value {CharityTeledon.model.Donation 120,2,3}
2023-03-22 08:33:53,651 [1] INFO DonorDbRepository - Entering Add value {CharityTeledon.model.Donor Maria Turc,Rodnei 36,0756221395}
2023-03-22 08:33:53,658 [1] INFO DonorDbRepository - Succesfully added value {CharityTeledon.model.Donor Maria Turc,Rodnei 36,0756221395}
2023-03-22 08:33:53,658 [1] INFO CaseDbRepository - Entering findOne with value 1
2023-03-22 08:33:53,659 [1] INFO CaseDbRepository - Exiting findOne with value {CharityTeledon.model.Case ANOHELP,3866,5}
2023-03-22 08:33:53,660 [1] INFO DonorDbRepository - Entering GetDonorsForCase for value {CharityTeledon.model.Case ANOHELP,3866,5}
2023-03-22 08:33:53,661 [1] INFO DonorDbRepository - Exiting GetDonorsForCase
2023-03-29 08:25:05,515 [1] INFO CaseDbRepository - Creating CaseDbRepository
2023-03-29 08:25:05,524 [1] INFO DonationDbRepository - Creating DonationDbRepository 
2023-03-29 08:25:05,525 [1] INFO DonorDbRepository - Creating DonorDbRepository 
2023-03-29 08:25:05,525 [1] INFO VolunteerDbRepository - Creating VolunteerDbRepository 
2023-03-29 08:25:05,529 [1] INFO CaseDbRepository - Entering GetAll 
2023-03-29 08:25:05,821 [1] INFO CaseDbRepository - Exiting GetAll
2023-03-29 08:25:05,822 [1] INFO CaseDbRepository - Entering findOne with value 1
2023-03-29 08:25:05,827 [1] INFO CaseDbRepository - Exiting findOne with value {CharityTeledon.model.Case ANOHELP,3866,5}
2023-03-29 08:25:05,827 [1] INFO DonationDbRepository - Entering Add value {CharityTeledon.model.Donation 120,2,3}
2023-03-29 08:25:05,835 [1] INFO DonationDbRepository - Succesfully added value {CharityTeledon.model.Donation 120,2,3}
2023-03-29 08:25:05,838 [1] INFO DonorDbRepository - Entering Add value {CharityTeledon.model.Donor Maria Turc,Rodnei 36,0756221395}
2023-03-29 08:25:05,845 [1] INFO DonorDbRepository - Succesfully added value {CharityTeledon.model.Donor Maria Turc,Rodnei 36,0756221395}
2023-03-29 08:25:05,845 [1] INFO CaseDbRepository - Entering findOne with value 1
2023-03-29 08:25:05,846 [1] INFO CaseDbRepository - Exiting findOne with value {CharityTeledon.model.Case ANOHELP,3866,5}
2023-03-29 08:25:05,846 [1] INFO DonorDbRepository - Entering GetDonorsForCase for value {CharityTeledon.model.Case ANOHELP,3866,5}
2023-03-29 08:25:05,847 [1] INFO DonorDbRepository - Exiting GetDonorsForCase
2023-03-30 23:05:04,315 [1] INFO CaseDbRepository - Creating CaseDbRepository
2023-03-30 23:05:04,324 [1] INFO DonationDbRepository - Creating DonationDbRepository 
2023-03-30 23:05:04,324 [1] INFO DonorDbRepository - Creating DonorDbRepository 
2023-03-30 23:05:04,325 [1] INFO VolunteerDbRepository - Creating VolunteerDbRepository 
2023-03-30 23:05:04,329 [1] INFO CaseDbRepository - Entering GetAll 
2023-03-30 23:05:04,579 [1] INFO CaseDbRepository - Exiting GetAll
2023-03-30 23:05:04,581 [1] INFO CaseDbRepository - Entering findOne with value 1
2023-03-30 23:05:04,585 [1] INFO CaseDbRepository - Exiting findOne with value {CharityTeledon.model.Case ANOHELP,3866,5}
2023-03-30 23:05:04,586 [1] INFO DonationDbRepository - Entering Add value {CharityTeledon.model.Donation 120,2,3}
2023-03-30 23:05:04,596 [1] INFO DonationDbRepository - Succesfully added value {CharityTeledon.model.Donation 120,2,3}
2023-03-30 23:05:04,600 [1] INFO DonorDbRepository - Entering Add value {CharityTeledon.model.Donor Maria Turc,Rodnei 36,0756221395}
2023-03-30 23:05:04,608 [1] INFO DonorDbRepository - Succesfully added value {CharityTeledon.model.Donor Maria Turc,Rodnei 36,0756221395}
2023-03-30 23:05:04,608 [1] INFO CaseDbRepository - Entering findOne with value 1
2023-03-30 23:05:04,609 [1] INFO CaseDbRepository - Exiting findOne with value {CharityTeledon.model.Case ANOHELP,3866,5}
2023-03-30 23:05:04,609 [1] INFO DonorDbRepository - Entering GetDonorsForCase for value {CharityTeledon.model.Case ANOHELP,3866,5}
2023-03-30 23:05:04,610 [1] INFO DonorDbRepository - Exiting GetDonorsForCase
2023-03-30 23:38:29,189 [1] INFO CaseDbRepository - Creating CaseDbRepository
2023-03-30 23:38:29,196 [1] INFO DonationDbRepository - Creating DonationDbRepository 
2023-03-30 23:38:29,197 [1] INFO DonorDbRepository - Creating DonorDbRepository 
2023-03-30 23:38:29,197 [1] INFO VolunteerDbRepository - Creating VolunteerDbRepository 
2023-03-30 23:38:29,204 [1] INFO CaseDbRepository - Entering GetAll 
2023-03-30 23:38:29,439 [1] INFO CaseDbRepository - Exiting GetAll
2023-03-30 23:38:29,441 [1] INFO CaseDbRepository - Entering findOne with value 1
2023-03-30 23:38:29,446 [1] INFO CaseDbRepository - Exiting findOne with value {CharityTeledon.model.Case ANOHELP,3866,5}
2023-03-30 23:38:29,447 [1] INFO DonationDbRepository - Entering Add value {CharityTeledon.model.Donation 120,2,3}
2023-03-30 23:38:29,456 [1] INFO DonationDbRepository - Succesfully added value {CharityTeledon.model.Donation 120,2,3}
2023-03-30 23:38:29,459 [1] INFO DonorDbRepository - Entering Add value {CharityTeledon.model.Donor Maria Turc,Rodnei 36,0756221395}
2023-03-30 23:38:29,468 [1] INFO DonorDbRepository - Succesfully added value {CharityTeledon.model.Donor Maria Turc,Rodnei 36,0756221395}
2023-03-30 23:38:29,468 [1] INFO CaseDbRepository - Entering findOne with value 1
2023-03-30 23:38:29,468 [1] INFO CaseDbRepository - Exiting findOne with value {CharityTeledon.model.Case ANOHELP,3866,5}
2023-03-30 23:38:29,469 [1] INFO DonorDbRepository - Entering GetDonorsForCase for value {CharityTeledon.model.Case ANOHELP,3866,5}
2023-03-30 23:38:29,470 [1] INFO DonorDbRepository - Exiting GetDonorsForCase
2023-03-30 23:40:03,253 [1] INFO CaseDbRepository - Creating CaseDbRepository
2023-03-30 23:40:03,261 [1] INFO DonationDbRepository - Creating DonationDbRepository 
2023-03-30 23:40:03,261 [1] INFO DonorDbRepository - Creating DonorDbRepository 
2023-03-30 23:40:03,262 [1] INFO VolunteerDbRepository - Creating VolunteerDbRepository 
2023-03-30 23:40:03,265 [1] INFO CaseDbRepository - Entering GetAll 
2023-03-30 23:40:03,330 [1] INFO CaseDbRepository - Exiting GetAll
2023-03-30 23:40:03,332 [1] INFO CaseDbRepository - Entering findOne with value 1
2023-03-30 23:40:03,337 [1] INFO CaseDbRepository - Exiting findOne with value {CharityTeledon.model.Case ANOHELP,3866,5}
2023-03-30 23:40:03,337 [1] INFO DonationDbRepository - Entering Add value {CharityTeledon.model.Donation 120,2,3}
2023-03-30 23:40:03,358 [1] INFO DonationDbRepository - Succesfully added value {CharityTeledon.model.Donation 120,2,3}
2023-03-30 23:40:03,362 [1] INFO DonorDbRepository - Entering Add value {CharityTeledon.model.Donor Maria Turc,Rodnei 36,0756221395}
2023-03-30 23:40:03,371 [1] INFO DonorDbRepository - Succesfully added value {CharityTeledon.model.Donor Maria Turc,Rodnei 36,0756221395}
2023-03-30 23:40:03,371 [1] INFO CaseDbRepository - Entering findOne with value 1
2023-03-30 23:40:03,372 [1] INFO CaseDbRepository - Exiting findOne with value {CharityTeledon.model.Case ANOHELP,3866,5}
2023-03-30 23:40:03,374 [1] INFO DonorDbRepository - Entering GetDonorsForCase for value {CharityTeledon.model.Case ANOHELP,3866,5}
2023-03-30 23:40:03,374 [1] INFO DonorDbRepository - Exiting GetDonorsForCase
2023-03-30 23:43:30,510 [1] INFO CaseDbRepository - Creating CaseDbRepository
2023-03-30 23:43:30,519 [1] INFO DonationDbRepository - Creating DonationDbRepository 
2023-03-30 23:43:30,520 [1] INFO DonorDbRepository - Creating DonorDbRepository 
2023-03-30 23:43:30,520 [1] INFO VolunteerDbRepository - Creating VolunteerDbRepository 
2023-03-30 23:43:30,524 [1] INFO CaseDbRepository - Entering GetAll 
2023-03-30 23:43:30,585 [1] INFO CaseDbRepository - Exiting GetAll
2023-03-30 23:43:30,587 [1] INFO CaseDbRepository - Entering findOne with value 1
2023-03-30 23:43:30,591 [1] INFO CaseDbRepository - Exiting findOne with value {CharityTeledon.model.Case ANOHELP,3866,5}
2023-03-30 23:43:30,592 [1] INFO DonationDbRepository - Entering Add value {CharityTeledon.model.Donation 120,2,3}
2023-03-30 23:43:30,610 [1] INFO DonationDbRepository - Succesfully added value {CharityTeledon.model.Donation 120,2,3}
2023-03-30 23:43:30,615 [1] INFO DonorDbRepository - Entering Add value {CharityTeledon.model.Donor Maria Turc,Rodnei 36,0756221395}
2023-03-30 23:43:30,623 [1] INFO DonorDbRepository - Succesfully added value {CharityTeledon.model.Donor Maria Turc,Rodnei 36,0756221395}
2023-03-30 23:43:30,624 [1] INFO CaseDbRepository - Entering findOne with value 1
2023-03-30 23:43:30,624 [1] INFO CaseDbRepository - Exiting findOne with value {CharityTeledon.model.Case ANOHELP,3866,5}
2023-03-30 23:43:30,625 [1] INFO DonorDbRepository - Entering GetDonorsForCase for value {CharityTeledon.model.Case ANOHELP,3866,5}
2023-03-30 23:43:30,625 [1] INFO DonorDbRepository - Exiting GetDonorsForCase
2023-03-30 23:44:11,826 [1] INFO CaseDbRepository - Creating CaseDbRepository
2023-03-30 23:44:11,834 [1] INFO DonationDbRepository - Creating DonationDbRepository 
2023-03-30 23:44:11,834 [1] INFO DonorDbRepository - Creating DonorDbRepository 
2023-03-30 23:44:11,835 [1] INFO VolunteerDbRepository - Creating VolunteerDbRepository 
2023-03-30 23:44:11,839 [1] INFO CaseDbRepository - Entering GetAll 
2023-03-30 23:44:11,916 [1] INFO CaseDbRepository - Exiting GetAll
2023-03-30 23:44:11,918 [1] INFO CaseDbRepository - Entering findOne with value 1
2023-03-30 23:44:11,924 [1] INFO CaseDbRepository - Exiting findOne with value {CharityTeledon.model.Case ANOHELP,3866,5}
2023-03-30 23:44:11,925 [1] INFO DonationDbRepository - Entering Add value {CharityTeledon.model.Donation 120,2,3}
2023-03-30 23:44:11,944 [1] INFO DonationDbRepository - Succesfully added value {CharityTeledon.model.Donation 120,2,3}
2023-03-30 23:44:11,947 [1] INFO DonorDbRepository - Entering Add value {CharityTeledon.model.Donor Maria Turc,Rodnei 36,0756221395}
2023-03-30 23:44:11,956 [1] INFO DonorDbRepository - Succesfully added value {CharityTeledon.model.Donor Maria Turc,Rodnei 36,0756221395}
2023-03-30 23:44:11,956 [1] INFO CaseDbRepository - Entering findOne with value 1
2023-03-30 23:44:11,957 [1] INFO CaseDbRepository - Exiting findOne with value {CharityTeledon.model.Case ANOHELP,3866,5}
2023-03-30 23:44:11,957 [1] INFO DonorDbRepository - Entering GetDonorsForCase for value {CharityTeledon.model.Case ANOHELP,3866,5}
2023-03-30 23:44:11,957 [1] INFO DonorDbRepository - Exiting GetDonorsForCase
2023-03-30 23:49:23,263 [1] INFO CaseDbRepository - Creating CaseDbRepository
2023-03-30 23:49:23,272 [1] INFO DonationDbRepository - Creating DonationDbRepository 
2023-03-30 23:49:23,273 [1] INFO DonorDbRepository - Creating DonorDbRepository 
2023-03-30 23:49:23,274 [1] INFO VolunteerDbRepository - Creating VolunteerDbRepository 
2023-03-30 23:49:23,277 [1] INFO CaseDbRepository - Entering GetAll 
2023-03-30 23:49:23,338 [1] INFO CaseDbRepository - Exiting GetAll
2023-03-30 23:49:23,340 [1] INFO CaseDbRepository - Entering findOne with value 1
2023-03-30 23:49:23,344 [1] INFO CaseDbRepository - Exiting findOne with value {CharityTeledon.model.Case ANOHELP,3866,5}
2023-03-30 23:49:23,345 [1] INFO DonationDbRepository - Entering Add value {CharityTeledon.model.Donation 120,2,3}
2023-03-30 23:49:23,363 [1] INFO DonationDbRepository - Succesfully added value {CharityTeledon.model.Donation 120,2,3}
2023-03-30 23:49:23,365 [1] INFO DonorDbRepository - Entering Add value {CharityTeledon.model.Donor Maria Turc,Rodnei 36,0756221395}
2023-03-30 23:49:23,374 [1] INFO DonorDbRepository - Succesfully added value {CharityTeledon.model.Donor Maria Turc,Rodnei 36,0756221395}
2023-03-30 23:49:23,374 [1] INFO CaseDbRepository - Entering findOne with value 1
2023-03-30 23:49:23,374 [1] INFO CaseDbRepository - Exiting findOne with value {CharityTeledon.model.Case ANOHELP,3866,5}
2023-03-30 23:49:23,375 [1] INFO DonorDbRepository - Entering GetDonorsForCase for value {CharityTeledon.model.Case ANOHELP,3866,5}
2023-03-30 23:49:23,376 [1] INFO DonorDbRepository - Exiting GetDonorsForCase
2023-03-30 23:56:08,816 [1] INFO CaseDbRepository - Creating CaseDbRepository
2023-03-30 23:56:08,825 [1] INFO DonationDbRepository - Creating DonationDbRepository 
2023-03-30 23:56:08,825 [1] INFO DonorDbRepository - Creating DonorDbRepository 
2023-03-30 23:56:08,826 [1] INFO VolunteerDbRepository - Creating VolunteerDbRepository 
2023-03-30 23:56:08,830 [1] INFO CaseDbRepository - Entering GetAll 
2023-03-30 23:56:08,892 [1] INFO CaseDbRepository - Exiting GetAll
2023-03-30 23:56:08,894 [1] INFO CaseDbRepository - Entering findOne with value 1
2023-03-30 23:56:08,900 [1] INFO CaseDbRepository - Exiting findOne with value {CharityTeledon.model.Case ANOHELP,3866,5}
2023-03-30 23:56:08,901 [1] INFO DonationDbRepository - Entering Add value {CharityTeledon.model.Donation 120,2,3}
2023-03-30 23:56:08,911 [1] INFO DonationDbRepository - Succesfully added value {CharityTeledon.model.Donation 120,2,3}
2023-03-30 23:56:08,915 [1] INFO DonorDbRepository - Entering Add value {CharityTeledon.model.Donor Maria Turc,Rodnei 36,0756221395}
2023-03-30 23:56:08,924 [1] INFO DonorDbRepository - Succesfully added value {CharityTeledon.model.Donor Maria Turc,Rodnei 36,0756221395}
2023-03-30 23:56:08,924 [1] INFO CaseDbRepository - Entering findOne with value 1
2023-03-30 23:56:08,925 [1] INFO CaseDbRepository - Exiting findOne with value {CharityTeledon.model.Case ANOHELP,3866,5}
2023-03-30 23:56:08,925 [1] INFO DonorDbRepository - Entering GetDonorsForCase for value {CharityTeledon.model.Case ANOHELP,3866,5}
2023-03-30 23:56:08,926 [1] INFO DonorDbRepository - Exiting GetDonorsForCase
2023-03-31 00:01:14,254 [1] INFO CaseDbRepository - Creating CaseDbRepository
2023-03-31 00:01:14,261 [1] INFO DonationDbRepository - Creating DonationDbRepository 
2023-03-31 00:01:14,261 [1] INFO DonorDbRepository - Creating DonorDbRepository 
2023-03-31 00:01:14,262 [1] INFO VolunteerDbRepository - Creating VolunteerDbRepository 
2023-03-31 00:01:14,298 [1] INFO CaseDbRepository - Entering GetAll 
2023-03-31 00:01:14,404 [1] INFO CaseDbRepository - Exiting GetAll
2023-03-31 00:01:14,405 [1] INFO CaseDbRepository - Entering findOne with value 1
2023-03-31 00:01:14,410 [1] INFO CaseDbRepository - Exiting findOne with value {CharityTeledon.model.Case ANOHELP,3866,5}
2023-03-31 00:01:14,411 [1] INFO DonationDbRepository - Entering Add value {CharityTeledon.model.Donation 120,2,3}
2023-03-31 00:01:14,421 [1] INFO DonationDbRepository - Succesfully added value {CharityTeledon.model.Donation 120,2,3}
2023-03-31 00:01:14,425 [1] INFO DonorDbRepository - Entering Add value {CharityTeledon.model.Donor Maria Turc,Rodnei 36,0756221395}
2023-03-31 00:01:14,433 [1] INFO DonorDbRepository - Succesfully added value {CharityTeledon.model.Donor Maria Turc,Rodnei 36,0756221395}
2023-03-31 00:01:14,434 [1] INFO CaseDbRepository - Entering findOne with value 1
2023-03-31 00:01:14,434 [1] INFO CaseDbRepository - Exiting findOne with value {CharityTeledon.model.Case ANOHELP,3866,5}
2023-03-31 00:01:14,435 [1] INFO DonorDbRepository - Entering GetDonorsForCase for value {CharityTeledon.model.Case ANOHELP,3866,5}
2023-03-31 00:01:14,435 [1] INFO DonorDbRepository - Exiting GetDonorsForCase
2023-03-31 00:02:42,191 [1] INFO CaseDbRepository - Creating CaseDbRepository
2023-03-31 00:02:42,201 [1] INFO DonationDbRepository - Creating DonationDbRepository 
2023-03-31 00:02:42,201 [1] INFO DonorDbRepository - Creating DonorDbRepository 
2023-03-31 00:02:42,201 [1] INFO VolunteerDbRepository - Creating VolunteerDbRepository 
2023-03-31 00:02:42,213 [1] INFO CaseDbRepository - Entering GetAll 
2023-03-31 00:02:42,309 [1] INFO CaseDbRepository - Exiting GetAll
2023-03-31 00:02:42,311 [1] INFO CaseDbRepository - Entering findOne with value 1
2023-03-31 00:02:42,318 [1] INFO CaseDbRepository - Exiting findOne with value {CharityTeledon.model.Case ANOHELP,3866,5}
2023-03-31 00:02:42,320 [1] INFO DonationDbRepository - Entering Add value {CharityTeledon.model.Donation 120,2,3}
2023-03-31 00:02:42,329 [1] INFO DonationDbRepository - Succesfully added value {CharityTeledon.model.Donation 120,2,3}
2023-03-31 00:02:42,333 [1] INFO DonorDbRepository - Entering Add value {CharityTeledon.model.Donor Maria Turc,Rodnei 36,0756221395}
2023-03-31 00:02:42,341 [1] INFO DonorDbRepository - Succesfully added value {CharityTeledon.model.Donor Maria Turc,Rodnei 36,0756221395}
2023-03-31 00:02:42,341 [1] INFO CaseDbRepository - Entering findOne with value 1
2023-03-31 00:02:42,341 [1] INFO CaseDbRepository - Exiting findOne with value {CharityTeledon.model.Case ANOHELP,3866,5}
2023-03-31 00:02:42,342 [1] INFO DonorDbRepository - Entering GetDonorsForCase for value {CharityTeledon.model.Case ANOHELP,3866,5}
2023-03-31 00:02:42,343 [1] INFO DonorDbRepository - Exiting GetDonorsForCase
2023-03-31 00:22:51,486 [1] INFO CaseDbRepository - Creating CaseDbRepository
2023-03-31 00:22:51,493 [1] INFO DonationDbRepository - Creating DonationDbRepository 
2023-03-31 00:22:51,494 [1] INFO DonorDbRepository - Creating DonorDbRepository 
2023-03-31 00:22:51,494 [1] INFO VolunteerDbRepository - Creating VolunteerDbRepository 
2023-03-31 00:22:51,498 [1] INFO CaseDbRepository - Entering GetAll 
2023-03-31 00:22:51,560 [1] INFO CaseDbRepository - Exiting GetAll
2023-03-31 00:22:51,562 [1] INFO CaseDbRepository - Entering findOne with value 1
2023-03-31 00:22:51,567 [1] INFO CaseDbRepository - Exiting findOne with value {CharityTeledon.model.Case ANOHELP,3866,5}
2023-03-31 00:22:51,568 [1] INFO DonationDbRepository - Entering Add value {CharityTeledon.model.Donation 120,2,3}
2023-03-31 00:22:51,577 [1] INFO DonationDbRepository - Succesfully added value {CharityTeledon.model.Donation 120,2,3}
2023-03-31 00:22:51,582 [1] INFO DonorDbRepository - Entering Add value {CharityTeledon.model.Donor Maria Turc,Rodnei 36,0756221395}
2023-03-31 00:22:51,592 [1] INFO DonorDbRepository - Succesfully added value {CharityTeledon.model.Donor Maria Turc,Rodnei 36,0756221395}
2023-03-31 00:22:51,592 [1] INFO CaseDbRepository - Entering findOne with value 1
2023-03-31 00:22:51,592 [1] INFO CaseDbRepository - Exiting findOne with value {CharityTeledon.model.Case ANOHELP,3866,5}
2023-03-31 00:22:51,593 [1] INFO DonorDbRepository - Entering GetDonorsForCase for value {CharityTeledon.model.Case ANOHELP,3866,5}
2023-03-31 00:22:51,594 [1] INFO DonorDbRepository - Exiting GetDonorsForCase
2023-03-31 11:56:23,938 [1] INFO CaseDbRepository - Creating CaseDbRepository
2023-03-31 11:56:23,944 [1] INFO DonationDbRepository - Creating DonationDbRepository 
2023-03-31 11:56:23,945 [1] INFO DonorDbRepository - Creating DonorDbRepository 
2023-03-31 11:56:23,945 [1] INFO VolunteerDbRepository - Creating VolunteerDbRepository 
2023-03-31 11:56:23,950 [1] INFO CaseDbRepository - Entering GetAll 
2023-03-31 11:56:24,178 [1] INFO CaseDbRepository - Exiting GetAll
2023-03-31 11:56:24,180 [1] INFO CaseDbRepository - Entering findOne with value 1
2023-03-31 11:56:24,184 [1] INFO CaseDbRepository - Exiting findOne with value {CharityTeledon.model.Case ANOHELP,3866,5}
2023-03-31 11:56:24,185 [1] INFO DonationDbRepository - Entering Add value {CharityTeledon.model.Donation 120,2,3}
2023-03-31 11:56:24,194 [1] INFO DonationDbRepository - Succesfully added value {CharityTeledon.model.Donation 120,2,3}
2023-03-31 11:56:24,198 [1] INFO DonorDbRepository - Entering Add value {CharityTeledon.model.Donor Maria Turc,Rodnei 36,0756221395}
2023-03-31 11:56:24,204 [1] INFO DonorDbRepository - Succesfully added value {CharityTeledon.model.Donor Maria Turc,Rodnei 36,0756221395}
2023-03-31 11:56:24,204 [1] INFO CaseDbRepository - Entering findOne with value 1
2023-03-31 11:56:24,204 [1] INFO CaseDbRepository - Exiting findOne with value {CharityTeledon.model.Case ANOHELP,3866,5}
2023-03-31 11:56:24,205 [1] INFO DonorDbRepository - Entering GetDonorsForCase for value {CharityTeledon.model.Case ANOHELP,3866,5}
2023-03-31 11:56:24,207 [1] INFO DonorDbRepository - Exiting GetDonorsForCase
2023-03-31 11:56:32,253 [1] INFO VolunteerDbRepository - Entering findVolunteerAccount with username sabinamuresan
2023-03-31 11:56:32,254 [1] INFO VolunteerDbRepository - Exiting findVolunteerAccount with value CharityTeledon.model.Volunteer
2023-03-31 12:00:11,591 [1] INFO CaseDbRepository - Creating CaseDbRepository
2023-03-31 12:00:11,600 [1] INFO DonationDbRepository - Creating DonationDbRepository 
2023-03-31 12:00:11,600 [1] INFO DonorDbRepository - Creating DonorDbRepository 
2023-03-31 12:00:11,601 [1] INFO VolunteerDbRepository - Creating VolunteerDbRepository 
2023-03-31 12:00:11,639 [1] INFO CaseDbRepository - Entering GetAll 
2023-03-31 12:00:11,743 [1] INFO CaseDbRepository - Exiting GetAll
2023-03-31 12:00:11,745 [1] INFO CaseDbRepository - Entering findOne with value 1
2023-03-31 12:00:11,750 [1] INFO CaseDbRepository - Exiting findOne with value {CharityTeledon.model.Case ANOHELP,3866,5}
2023-03-31 12:00:11,750 [1] INFO DonationDbRepository - Entering Add value {CharityTeledon.model.Donation 120,2,3}
2023-03-31 12:00:11,759 [1] INFO DonationDbRepository - Succesfully added value {CharityTeledon.model.Donation 120,2,3}
2023-03-31 12:00:11,762 [1] INFO DonorDbRepository - Entering Add value {CharityTeledon.model.Donor Maria Turc,Rodnei 36,0756221395}
2023-03-31 12:00:11,770 [1] INFO DonorDbRepository - Succesfully added value {CharityTeledon.model.Donor Maria Turc,Rodnei 36,0756221395}
2023-03-31 12:00:11,770 [1] INFO CaseDbRepository - Entering findOne with value 1
2023-03-31 12:00:11,771 [1] INFO CaseDbRepository - Exiting findOne with value {CharityTeledon.model.Case ANOHELP,3866,5}
2023-03-31 12:00:11,772 [1] INFO DonorDbRepository - Entering GetDonorsForCase for value {CharityTeledon.model.Case ANOHELP,3866,5}
2023-03-31 12:00:11,772 [1] INFO DonorDbRepository - Exiting GetDonorsForCase
2023-03-31 12:00:37,022 [1] INFO VolunteerDbRepository - Entering findVolunteerAccount with username sabinamuresan
2023-03-31 12:00:37,023 [1] INFO VolunteerDbRepository - Exiting findVolunteerAccount with value CharityTeledon.model.Volunteer
2023-03-31 12:15:05,044 [1] INFO CaseDbRepository - Creating CaseDbRepository
2023-03-31 12:15:05,051 [1] INFO DonationDbRepository - Creating DonationDbRepository 
2023-03-31 12:15:05,051 [1] INFO DonorDbRepository - Creating DonorDbRepository 
2023-03-31 12:15:05,052 [1] INFO VolunteerDbRepository - Creating VolunteerDbRepository 
2023-03-31 12:15:05,056 [1] INFO CaseDbRepository - Entering GetAll 
2023-03-31 12:15:05,115 [1] INFO CaseDbRepository - Exiting GetAll
2023-03-31 12:15:05,117 [1] INFO CaseDbRepository - Entering findOne with value 1
2023-03-31 12:15:05,121 [1] INFO CaseDbRepository - Exiting findOne with value {CharityTeledon.model.Case ANOHELP,3866,5}
2023-03-31 12:15:05,122 [1] INFO DonationDbRepository - Entering Add value {CharityTeledon.model.Donation 120,2,3}
2023-03-31 12:15:05,131 [1] INFO DonationDbRepository - Succesfully added value {CharityTeledon.model.Donation 120,2,3}
2023-03-31 12:15:05,136 [1] INFO DonorDbRepository - Entering Add value {CharityTeledon.model.Donor Maria Turc,Rodnei 36,0756221395}
2023-03-31 12:15:05,143 [1] INFO DonorDbRepository - Succesfully added value {CharityTeledon.model.Donor Maria Turc,Rodnei 36,0756221395}
2023-03-31 12:15:05,143 [1] INFO CaseDbRepository - Entering findOne with value 1
2023-03-31 12:15:05,143 [1] INFO CaseDbRepository - Exiting findOne with value {CharityTeledon.model.Case ANOHELP,3866,5}
2023-03-31 12:15:05,144 [1] INFO DonorDbRepository - Entering GetDonorsForCase for value {CharityTeledon.model.Case ANOHELP,3866,5}
2023-03-31 12:15:05,144 [1] INFO DonorDbRepository - Exiting GetDonorsForCase
2023-03-31 12:15:12,472 [1] INFO VolunteerDbRepository - Entering findVolunteerAccount with username sabinamuresan
2023-03-31 12:15:12,472 [1] INFO VolunteerDbRepository - Exiting findVolunteerAccount with value CharityTeledon.model.Volunteer
2023-03-31 12:19:07,231 [1] INFO CaseDbRepository - Creating CaseDbRepository
2023-03-31 12:19:07,238 [1] INFO DonationDbRepository - Creating DonationDbRepository 
2023-03-31 12:19:07,240 [1] INFO DonorDbRepository - Creating DonorDbRepository 
2023-03-31 12:19:07,240 [1] INFO VolunteerDbRepository - Creating VolunteerDbRepository 
2023-03-31 12:19:07,244 [1] INFO CaseDbRepository - Entering GetAll 
2023-03-31 12:19:07,305 [1] INFO CaseDbRepository - Exiting GetAll
2023-03-31 12:19:07,307 [1] INFO CaseDbRepository - Entering findOne with value 1
2023-03-31 12:19:07,312 [1] INFO CaseDbRepository - Exiting findOne with value {CharityTeledon.model.Case ANOHELP,3866,5}
2023-03-31 12:19:07,313 [1] INFO DonationDbRepository - Entering Add value {CharityTeledon.model.Donation 120,2,3}
2023-03-31 12:19:07,321 [1] INFO DonationDbRepository - Succesfully added value {CharityTeledon.model.Donation 120,2,3}
2023-03-31 12:19:07,325 [1] INFO DonorDbRepository - Entering Add value {CharityTeledon.model.Donor Maria Turc,Rodnei 36,0756221395}
2023-03-31 12:19:07,332 [1] INFO DonorDbRepository - Succesfully added value {CharityTeledon.model.Donor Maria Turc,Rodnei 36,0756221395}
2023-03-31 12:19:07,332 [1] INFO CaseDbRepository - Entering findOne with value 1
2023-03-31 12:19:07,332 [1] INFO CaseDbRepository - Exiting findOne with value {CharityTeledon.model.Case ANOHELP,3866,5}
2023-03-31 12:19:07,333 [1] INFO DonorDbRepository - Entering GetDonorsForCase for value {CharityTeledon.model.Case ANOHELP,3866,5}
2023-03-31 12:19:07,334 [1] INFO DonorDbRepository - Exiting GetDonorsForCase
2023-03-31 12:19:14,239 [1] INFO VolunteerDbRepository - Entering findVolunteerAccount with username sabinamuresan
2023-03-31 12:19:14,240 [1] INFO VolunteerDbRepository - Exiting findVolunteerAccount with value CharityTeledon.model.Volunteer
2023-03-31 12:31:55,623 [1] INFO CaseDbRepository - Creating CaseDbRepository
2023-03-31 12:31:55,632 [1] INFO DonationDbRepository - Creating DonationDbRepository 
2023-03-31 12:31:55,633 [1] INFO DonorDbRepository - Creating DonorDbRepository 
2023-03-31 12:31:55,633 [1] INFO VolunteerDbRepository - Creating VolunteerDbRepository 
2023-03-31 12:31:55,639 [1] INFO CaseDbRepository - Entering GetAll 
2023-03-31 12:31:55,707 [1] INFO CaseDbRepository - Exiting GetAll
2023-03-31 12:31:55,709 [1] INFO CaseDbRepository - Entering findOne with value 1
2023-03-31 12:31:55,715 [1] INFO CaseDbRepository - Exiting findOne with value {CharityTeledon.model.Case ANOHELP,3866,5}
2023-03-31 12:31:55,716 [1] INFO DonationDbRepository - Entering Add value {CharityTeledon.model.Donation 120,2,3}
2023-03-31 12:31:55,726 [1] INFO DonationDbRepository - Succesfully added value {CharityTeledon.model.Donation 120,2,3}
2023-03-31 12:31:55,732 [1] INFO DonorDbRepository - Entering Add value {CharityTeledon.model.Donor Maria Turc,Rodnei 36,0756221395}
2023-03-31 12:31:55,739 [1] INFO DonorDbRepository - Succesfully added value {CharityTeledon.model.Donor Maria Turc,Rodnei 36,0756221395}
2023-03-31 12:31:55,739 [1] INFO CaseDbRepository - Entering findOne with value 1
2023-03-31 12:31:55,739 [1] INFO CaseDbRepository - Exiting findOne with value {CharityTeledon.model.Case ANOHELP,3866,5}
2023-03-31 12:31:55,740 [1] INFO DonorDbRepository - Entering GetDonorsForCase for value {CharityTeledon.model.Case ANOHELP,3866,5}
2023-03-31 12:31:55,741 [1] INFO DonorDbRepository - Exiting GetDonorsForCase
2023-03-31 12:32:03,743 [1] INFO VolunteerDbRepository - Entering findVolunteerAccount with username sabinamuresan
2023-03-31 12:32:03,745 [1] INFO VolunteerDbRepository - Exiting findVolunteerAccount with value CharityTeledon.model.Volunteer
2023-03-31 12:32:55,676 [1] INFO CaseDbRepository - Creating CaseDbRepository
2023-03-31 12:32:55,684 [1] INFO DonationDbRepository - Creating DonationDbRepository 
2023-03-31 12:32:55,684 [1] INFO DonorDbRepository - Creating DonorDbRepository 
2023-03-31 12:32:55,685 [1] INFO VolunteerDbRepository - Creating VolunteerDbRepository 
2023-03-31 12:32:55,690 [1] INFO CaseDbRepository - Entering GetAll 
2023-03-31 12:32:55,761 [1] INFO CaseDbRepository - Exiting GetAll
2023-03-31 12:32:55,763 [1] INFO CaseDbRepository - Entering findOne with value 1
2023-03-31 12:32:55,770 [1] INFO CaseDbRepository - Exiting findOne with value {CharityTeledon.model.Case ANOHELP,3866,5}
2023-03-31 12:32:55,771 [1] INFO DonationDbRepository - Entering Add value {CharityTeledon.model.Donation 120,2,3}
2023-03-31 12:32:55,778 [1] INFO DonationDbRepository - Succesfully added value {CharityTeledon.model.Donation 120,2,3}
2023-03-31 12:32:55,783 [1] INFO DonorDbRepository - Entering Add value {CharityTeledon.model.Donor Maria Turc,Rodnei 36,0756221395}
2023-03-31 12:32:55,790 [1] INFO DonorDbRepository - Succesfully added value {CharityTeledon.model.Donor Maria Turc,Rodnei 36,0756221395}
2023-03-31 12:32:55,790 [1] INFO CaseDbRepository - Entering findOne with value 1
2023-03-31 12:32:55,791 [1] INFO CaseDbRepository - Exiting findOne with value {CharityTeledon.model.Case ANOHELP,3866,5}
2023-03-31 12:32:55,791 [1] INFO DonorDbRepository - Entering GetDonorsForCase for value {CharityTeledon.model.Case ANOHELP,3866,5}
2023-03-31 12:32:55,792 [1] INFO DonorDbRepository - Exiting GetDonorsForCase
2023-03-31 12:33:04,873 [1] INFO VolunteerDbRepository - Entering findVolunteerAccount with username sabinamuresan
2023-03-31 12:33:04,874 [1] INFO VolunteerDbRepository - Exiting findVolunteerAccount with value CharityTeledon.model.Volunteer
2023-03-31 12:38:18,145 [1] INFO CaseDbRepository - Creating CaseDbRepository
2023-03-31 12:38:18,153 [1] INFO DonationDbRepository - Creating DonationDbRepository 
2023-03-31 12:38:18,153 [1] INFO DonorDbRepository - Creating DonorDbRepository 
2023-03-31 12:38:18,154 [1] INFO VolunteerDbRepository - Creating VolunteerDbRepository 
2023-03-31 12:38:18,159 [1] INFO CaseDbRepository - Entering GetAll 
2023-03-31 12:38:18,226 [1] INFO CaseDbRepository - Exiting GetAll
2023-03-31 12:38:18,227 [1] INFO CaseDbRepository - Entering findOne with value 1
2023-03-31 12:38:18,234 [1] INFO CaseDbRepository - Exiting findOne with value {CharityTeledon.model.Case ANOHELP,3866,5}
2023-03-31 12:38:18,235 [1] INFO DonationDbRepository - Entering Add value {CharityTeledon.model.Donation 120,2,3}
2023-03-31 12:38:18,254 [1] INFO DonationDbRepository - Succesfully added value {CharityTeledon.model.Donation 120,2,3}
2023-03-31 12:38:18,261 [1] INFO DonorDbRepository - Entering Add value {CharityTeledon.model.Donor Maria Turc,Rodnei 36,0756221395}
2023-03-31 12:38:18,269 [1] INFO DonorDbRepository - Succesfully added value {CharityTeledon.model.Donor Maria Turc,Rodnei 36,0756221395}
2023-03-31 12:38:18,269 [1] INFO CaseDbRepository - Entering findOne with value 1
2023-03-31 12:38:18,270 [1] INFO CaseDbRepository - Exiting findOne with value {CharityTeledon.model.Case ANOHELP,3866,5}
2023-03-31 12:38:18,270 [1] INFO DonorDbRepository - Entering GetDonorsForCase for value {CharityTeledon.model.Case ANOHELP,3866,5}
2023-03-31 12:38:18,271 [1] INFO DonorDbRepository - Exiting GetDonorsForCase
2023-03-31 12:38:24,715 [1] INFO VolunteerDbRepository - Entering findVolunteerAccount with username sabinamuresan
2023-03-31 12:38:24,716 [1] INFO VolunteerDbRepository - Exiting findVolunteerAccount with value CharityTeledon.model.Volunteer
2023-03-31 12:38:24,733 [1] INFO CaseDbRepository - Entering GetAll 
2023-03-31 12:38:24,734 [1] INFO CaseDbRepository - Exiting GetAll
2023-03-31 12:40:10,663 [1] INFO CaseDbRepository - Creating CaseDbRepository
2023-03-31 12:40:10,673 [1] INFO DonationDbRepository - Creating DonationDbRepository 
2023-03-31 12:40:10,674 [1] INFO DonorDbRepository - Creating DonorDbRepository 
2023-03-31 12:40:10,674 [1] INFO VolunteerDbRepository - Creating VolunteerDbRepository 
2023-03-31 12:40:10,678 [1] INFO CaseDbRepository - Entering GetAll 
2023-03-31 12:40:10,740 [1] INFO CaseDbRepository - Exiting GetAll
2023-03-31 12:40:10,742 [1] INFO CaseDbRepository - Entering findOne with value 1
2023-03-31 12:40:10,747 [1] INFO CaseDbRepository - Exiting findOne with value {CharityTeledon.model.Case ANOHELP,3866,5}
2023-03-31 12:40:10,748 [1] INFO DonationDbRepository - Entering Add value {CharityTeledon.model.Donation 120,2,3}
2023-03-31 12:40:10,758 [1] INFO DonationDbRepository - Succesfully added value {CharityTeledon.model.Donation 120,2,3}
2023-03-31 12:40:10,763 [1] INFO DonorDbRepository - Entering Add value {CharityTeledon.model.Donor Maria Turc,Rodnei 36,0756221395}
2023-03-31 12:40:10,771 [1] INFO DonorDbRepository - Succesfully added value {CharityTeledon.model.Donor Maria Turc,Rodnei 36,0756221395}
2023-03-31 12:40:10,771 [1] INFO CaseDbRepository - Entering findOne with value 1
2023-03-31 12:40:10,772 [1] INFO CaseDbRepository - Exiting findOne with value {CharityTeledon.model.Case ANOHELP,3866,5}
2023-03-31 12:40:10,772 [1] INFO DonorDbRepository - Entering GetDonorsForCase for value {CharityTeledon.model.Case ANOHELP,3866,5}
2023-03-31 12:40:10,773 [1] INFO DonorDbRepository - Exiting GetDonorsForCase
2023-03-31 12:41:50,780 [1] INFO CaseDbRepository - Creating CaseDbRepository
2023-03-31 12:41:50,788 [1] INFO DonationDbRepository - Creating DonationDbRepository 
2023-03-31 12:41:50,788 [1] INFO DonorDbRepository - Creating DonorDbRepository 
2023-03-31 12:41:50,788 [1] INFO VolunteerDbRepository - Creating VolunteerDbRepository 
2023-03-31 12:41:50,795 [1] INFO CaseDbRepository - Entering GetAll 
2023-03-31 12:41:50,864 [1] INFO CaseDbRepository - Exiting GetAll
2023-03-31 12:41:50,865 [1] INFO CaseDbRepository - Entering findOne with value 1
2023-03-31 12:41:50,870 [1] INFO CaseDbRepository - Exiting findOne with value {CharityTeledon.model.Case ANOHELP,3866,5}
2023-03-31 12:41:50,871 [1] INFO DonationDbRepository - Entering Add value {CharityTeledon.model.Donation 120,2,3}
2023-03-31 12:41:50,880 [1] INFO DonationDbRepository - Succesfully added value {CharityTeledon.model.Donation 120,2,3}
2023-03-31 12:41:50,886 [1] INFO DonorDbRepository - Entering Add value {CharityTeledon.model.Donor Maria Turc,Rodnei 36,0756221395}
2023-03-31 12:41:50,893 [1] INFO DonorDbRepository - Succesfully added value {CharityTeledon.model.Donor Maria Turc,Rodnei 36,0756221395}
2023-03-31 12:41:50,894 [1] INFO CaseDbRepository - Entering findOne with value 1
2023-03-31 12:41:50,894 [1] INFO CaseDbRepository - Exiting findOne with value {CharityTeledon.model.Case ANOHELP,3866,5}
2023-03-31 12:41:50,895 [1] INFO DonorDbRepository - Entering GetDonorsForCase for value {CharityTeledon.model.Case ANOHELP,3866,5}
2023-03-31 12:41:50,895 [1] INFO DonorDbRepository - Exiting GetDonorsForCase
2023-03-31 12:42:46,071 [1] INFO CaseDbRepository - Creating CaseDbRepository
2023-03-31 12:42:46,077 [1] INFO DonationDbRepository - Creating DonationDbRepository 
2023-03-31 12:42:46,078 [1] INFO DonorDbRepository - Creating DonorDbRepository 
2023-03-31 12:42:46,078 [1] INFO VolunteerDbRepository - Creating VolunteerDbRepository 
2023-03-31 12:42:46,083 [1] INFO CaseDbRepository - Entering GetAll 
2023-03-31 12:42:46,139 [1] INFO CaseDbRepository - Exiting GetAll
2023-03-31 12:42:46,140 [1] INFO CaseDbRepository - Entering findOne with value 1
2023-03-31 12:42:46,145 [1] INFO CaseDbRepository - Exiting findOne with value {CharityTeledon.model.Case ANOHELP,3866,5}
2023-03-31 12:42:46,146 [1] INFO DonationDbRepository - Entering Add value {CharityTeledon.model.Donation 120,2,3}
2023-03-31 12:42:46,155 [1] INFO DonationDbRepository - Succesfully added value {CharityTeledon.model.Donation 120,2,3}
2023-03-31 12:42:46,160 [1] INFO DonorDbRepository - Entering Add value {CharityTeledon.model.Donor Maria Turc,Rodnei 36,0756221395}
2023-03-31 12:42:46,167 [1] INFO DonorDbRepository - Succesfully added value {CharityTeledon.model.Donor Maria Turc,Rodnei 36,0756221395}
2023-03-31 12:42:46,167 [1] INFO CaseDbRepository - Entering findOne with value 1
2023-03-31 12:42:46,168 [1] INFO CaseDbRepository - Exiting findOne with value {CharityTeledon.model.Case ANOHELP,3866,5}
2023-03-31 12:42:46,168 [1] INFO DonorDbRepository - Entering GetDonorsForCase for value {CharityTeledon.model.Case ANOHELP,3866,5}
2023-03-31 12:42:46,169 [1] INFO DonorDbRepository - Exiting GetDonorsForCase
2023-03-31 12:42:53,600 [1] INFO VolunteerDbRepository - Entering findVolunteerAccount with username sabinamuresan
2023-03-31 12:42:53,602 [1] INFO VolunteerDbRepository - Exiting findVolunteerAccount with value CharityTeledon.model.Volunteer
2023-03-31 12:42:53,619 [1] INFO CaseDbRepository - Entering GetAll 
2023-03-31 12:42:53,619 [1] INFO CaseDbRepository - Exiting GetAll
2023-03-31 12:44:22,741 [1] INFO CaseDbRepository - Creating CaseDbRepository
2023-03-31 12:44:22,748 [1] INFO DonationDbRepository - Creating DonationDbRepository 
2023-03-31 12:44:22,749 [1] INFO DonorDbRepository - Creating DonorDbRepository 
2023-03-31 12:44:22,749 [1] INFO VolunteerDbRepository - Creating VolunteerDbRepository 
2023-03-31 12:44:22,752 [1] INFO CaseDbRepository - Entering GetAll 
2023-03-31 12:44:22,815 [1] INFO CaseDbRepository - Exiting GetAll
2023-03-31 12:44:22,816 [1] INFO CaseDbRepository - Entering findOne with value 1
2023-03-31 12:44:22,820 [1] INFO CaseDbRepository - Exiting findOne with value {CharityTeledon.model.Case ANOHELP,3866,5}
2023-03-31 12:44:22,823 [1] INFO DonationDbRepository - Entering Add value {CharityTeledon.model.Donation 120,2,3}
2023-03-31 12:44:22,831 [1] INFO DonationDbRepository - Succesfully added value {CharityTeledon.model.Donation 120,2,3}
2023-03-31 12:44:22,838 [1] INFO DonorDbRepository - Entering Add value {CharityTeledon.model.Donor Maria Turc,Rodnei 36,0756221395}
2023-03-31 12:44:22,845 [1] INFO DonorDbRepository - Succesfully added value {CharityTeledon.model.Donor Maria Turc,Rodnei 36,0756221395}
2023-03-31 12:44:22,846 [1] INFO CaseDbRepository - Entering findOne with value 1
2023-03-31 12:44:22,846 [1] INFO CaseDbRepository - Exiting findOne with value {CharityTeledon.model.Case ANOHELP,3866,5}
2023-03-31 12:44:22,847 [1] INFO DonorDbRepository - Entering GetDonorsForCase for value {CharityTeledon.model.Case ANOHELP,3866,5}
2023-03-31 12:44:22,847 [1] INFO DonorDbRepository - Exiting GetDonorsForCase
2023-03-31 12:44:29,379 [1] INFO VolunteerDbRepository - Entering findVolunteerAccount with username sabinamuresan
2023-03-31 12:44:29,379 [1] INFO VolunteerDbRepository - Exiting findVolunteerAccount with value CharityTeledon.model.Volunteer
2023-03-31 12:44:29,400 [1] INFO CaseDbRepository - Entering GetAll 
2023-03-31 12:44:29,400 [1] INFO CaseDbRepository - Exiting GetAll
2023-03-31 13:04:26,876 [1] INFO CaseDbRepository - Creating CaseDbRepository
2023-03-31 13:04:26,884 [1] INFO DonationDbRepository - Creating DonationDbRepository 
2023-03-31 13:04:26,885 [1] INFO DonorDbRepository - Creating DonorDbRepository 
2023-03-31 13:04:26,885 [1] INFO VolunteerDbRepository - Creating VolunteerDbRepository 
2023-03-31 13:04:26,891 [1] INFO CaseDbRepository - Entering GetAll 
2023-03-31 13:04:26,952 [1] INFO CaseDbRepository - Exiting GetAll
2023-03-31 13:04:26,953 [1] INFO CaseDbRepository - Entering findOne with value 1
2023-03-31 13:04:26,959 [1] INFO CaseDbRepository - Exiting findOne with value {CharityTeledon.model.Case ANOHELP,3866,5}
2023-03-31 13:04:26,960 [1] INFO DonationDbRepository - Entering Add value {CharityTeledon.model.Donation 120,2,3}
2023-03-31 13:04:26,970 [1] INFO DonationDbRepository - Succesfully added value {CharityTeledon.model.Donation 120,2,3}
2023-03-31 13:04:26,973 [1] INFO DonorDbRepository - Entering Add value {CharityTeledon.model.Donor Maria Turc,Rodnei 36,0756221395}
2023-03-31 13:04:26,980 [1] INFO DonorDbRepository - Succesfully added value {CharityTeledon.model.Donor Maria Turc,Rodnei 36,0756221395}
2023-03-31 13:04:26,980 [1] INFO CaseDbRepository - Entering findOne with value 1
2023-03-31 13:04:26,980 [1] INFO CaseDbRepository - Exiting findOne with value {CharityTeledon.model.Case ANOHELP,3866,5}
2023-03-31 13:04:26,981 [1] INFO DonorDbRepository - Entering GetDonorsForCase for value {CharityTeledon.model.Case ANOHELP,3866,5}
2023-03-31 13:04:26,981 [1] INFO DonorDbRepository - Exiting GetDonorsForCase
2023-03-31 13:04:33,682 [1] INFO VolunteerDbRepository - Entering findVolunteerAccount with username sabinamuresan
2023-03-31 13:04:33,683 [1] INFO VolunteerDbRepository - Exiting findVolunteerAccount with value CharityTeledon.model.Volunteer
2023-03-31 13:04:33,699 [1] INFO CaseDbRepository - Entering GetAll 
2023-03-31 13:04:33,699 [1] INFO CaseDbRepository - Exiting GetAll
2023-03-31 13:11:28,535 [1] INFO CaseDbRepository - Creating CaseDbRepository
2023-03-31 13:11:28,543 [1] INFO DonationDbRepository - Creating DonationDbRepository 
2023-03-31 13:11:28,543 [1] INFO DonorDbRepository - Creating DonorDbRepository 
2023-03-31 13:11:28,543 [1] INFO VolunteerDbRepository - Creating VolunteerDbRepository 
2023-03-31 13:11:28,547 [1] INFO CaseDbRepository - Entering GetAll 
2023-03-31 13:11:28,604 [1] INFO CaseDbRepository - Exiting GetAll
2023-03-31 13:11:28,605 [1] INFO CaseDbRepository - Entering findOne with value 1
2023-03-31 13:11:28,610 [1] INFO CaseDbRepository - Exiting findOne with value {CharityTeledon.model.Case ANOHELP,3866,5}
2023-03-31 13:11:28,611 [1] INFO DonationDbRepository - Entering Add value {CharityTeledon.model.Donation 120,2,3}
2023-03-31 13:11:28,620 [1] INFO DonationDbRepository - Succesfully added value {CharityTeledon.model.Donation 120,2,3}
2023-03-31 13:11:28,627 [1] INFO DonorDbRepository - Entering Add value {CharityTeledon.model.Donor Maria Turc,Rodnei 36,0756221395}
2023-03-31 13:11:28,635 [1] INFO DonorDbRepository - Succesfully added value {CharityTeledon.model.Donor Maria Turc,Rodnei 36,0756221395}
2023-03-31 13:11:28,635 [1] INFO CaseDbRepository - Entering findOne with value 1
2023-03-31 13:11:28,635 [1] INFO CaseDbRepository - Exiting findOne with value {CharityTeledon.model.Case ANOHELP,3866,5}
2023-03-31 13:11:28,636 [1] INFO DonorDbRepository - Entering GetDonorsForCase for value {CharityTeledon.model.Case ANOHELP,3866,5}
2023-03-31 13:11:28,636 [1] INFO DonorDbRepository - Exiting GetDonorsForCase
2023-03-31 13:11:35,441 [1] INFO VolunteerDbRepository - Entering findVolunteerAccount with username sabinamuresan
2023-03-31 13:11:35,442 [1] INFO VolunteerDbRepository - Exiting findVolunteerAccount with value CharityTeledon.model.Volunteer
2023-03-31 13:11:35,459 [1] INFO CaseDbRepository - Entering GetAll 
2023-03-31 13:11:35,459 [1] INFO CaseDbRepository - Exiting GetAll
2023-03-31 13:16:14,453 [1] INFO CaseDbRepository - Creating CaseDbRepository
2023-03-31 13:16:14,460 [1] INFO DonationDbRepository - Creating DonationDbRepository 
2023-03-31 13:16:14,461 [1] INFO DonorDbRepository - Creating DonorDbRepository 
2023-03-31 13:16:14,461 [1] INFO VolunteerDbRepository - Creating VolunteerDbRepository 
2023-03-31 13:16:14,465 [1] INFO CaseDbRepository - Entering GetAll 
2023-03-31 13:16:14,521 [1] INFO CaseDbRepository - Exiting GetAll
2023-03-31 13:16:14,523 [1] INFO CaseDbRepository - Entering findOne with value 1
2023-03-31 13:16:14,527 [1] INFO CaseDbRepository - Exiting findOne with value {CharityTeledon.model.Case ANOHELP,3866,5}
2023-03-31 13:16:14,528 [1] INFO DonationDbRepository - Entering Add value {CharityTeledon.model.Donation 120,2,3}
2023-03-31 13:16:14,538 [1] INFO DonationDbRepository - Succesfully added value {CharityTeledon.model.Donation 120,2,3}
2023-03-31 13:16:14,544 [1] INFO DonorDbRepository - Entering Add value {CharityTeledon.model.Donor Maria Turc,Rodnei 36,0756221395}
2023-03-31 13:16:14,551 [1] INFO DonorDbRepository - Succesfully added value {CharityTeledon.model.Donor Maria Turc,Rodnei 36,0756221395}
2023-03-31 13:16:14,551 [1] INFO CaseDbRepository - Entering findOne with value 1
2023-03-31 13:16:14,551 [1] INFO CaseDbRepository - Exiting findOne with value {CharityTeledon.model.Case ANOHELP,3866,5}
2023-03-31 13:16:14,552 [1] INFO DonorDbRepository - Entering GetDonorsForCase for value {CharityTeledon.model.Case ANOHELP,3866,5}
2023-03-31 13:16:14,553 [1] INFO DonorDbRepository - Exiting GetDonorsForCase
2023-03-31 13:22:50,222 [1] INFO CaseDbRepository - Creating CaseDbRepository
2023-03-31 13:22:50,230 [1] INFO DonationDbRepository - Creating DonationDbRepository 
2023-03-31 13:22:50,231 [1] INFO DonorDbRepository - Creating DonorDbRepository 
2023-03-31 13:22:50,231 [1] INFO VolunteerDbRepository - Creating VolunteerDbRepository 
2023-03-31 13:22:50,235 [1] INFO CaseDbRepository - Entering GetAll 
2023-03-31 13:22:50,298 [1] INFO CaseDbRepository - Exiting GetAll
2023-03-31 13:22:50,299 [1] INFO CaseDbRepository - Entering findOne with value 1
2023-03-31 13:22:50,303 [1] INFO CaseDbRepository - Exiting findOne with value {CharityTeledon.model.Case ANOHELP,3866,5}
2023-03-31 13:22:50,305 [1] INFO DonationDbRepository - Entering Add value {CharityTeledon.model.Donation 120,2,3}
2023-03-31 13:22:50,314 [1] INFO DonationDbRepository - Succesfully added value {CharityTeledon.model.Donation 120,2,3}
2023-03-31 13:22:50,318 [1] INFO DonorDbRepository - Entering Add value {CharityTeledon.model.Donor Maria Turc,Rodnei 36,0756221395}
2023-03-31 13:22:50,325 [1] INFO DonorDbRepository - Succesfully added value {CharityTeledon.model.Donor Maria Turc,Rodnei 36,0756221395}
2023-03-31 13:22:50,325 [1] INFO CaseDbRepository - Entering findOne with value 1
2023-03-31 13:22:50,325 [1] INFO CaseDbRepository - Exiting findOne with value {CharityTeledon.model.Case ANOHELP,3866,5}
2023-03-31 13:22:50,326 [1] INFO DonorDbRepository - Entering GetDonorsForCase for value {CharityTeledon.model.Case ANOHELP,3866,5}
2023-03-31 13:22:50,327 [1] INFO DonorDbRepository - Exiting GetDonorsForCase
2023-03-31 13:22:58,503 [1] INFO VolunteerDbRepository - Entering findVolunteerAccount with username sabinamuresan
2023-03-31 13:22:58,504 [1] INFO VolunteerDbRepository - Exiting findVolunteerAccount with value CharityTeledon.model.Volunteer
2023-03-31 13:22:58,520 [1] INFO CaseDbRepository - Entering GetAll 
2023-03-31 13:22:58,520 [1] INFO CaseDbRepository - Exiting GetAll
2023-03-31 13:24:26,785 [1] INFO CaseDbRepository - Creating CaseDbRepository
2023-03-31 13:24:26,793 [1] INFO DonationDbRepository - Creating DonationDbRepository 
2023-03-31 13:24:26,793 [1] INFO DonorDbRepository - Creating DonorDbRepository 
2023-03-31 13:24:26,793 [1] INFO VolunteerDbRepository - Creating VolunteerDbRepository 
2023-03-31 13:24:26,797 [1] INFO CaseDbRepository - Entering GetAll 
2023-03-31 13:24:26,858 [1] INFO CaseDbRepository - Exiting GetAll
2023-03-31 13:24:26,861 [1] INFO CaseDbRepository - Entering findOne with value 1
2023-03-31 13:24:26,865 [1] INFO CaseDbRepository - Exiting findOne with value {CharityTeledon.model.Case ANOHELP,3866,5}
2023-03-31 13:24:26,866 [1] INFO DonationDbRepository - Entering Add value {CharityTeledon.model.Donation 120,2,3}
2023-03-31 13:24:26,883 [1] INFO DonationDbRepository - Succesfully added value {CharityTeledon.model.Donation 120,2,3}
2023-03-31 13:24:26,887 [1] INFO DonorDbRepository - Entering Add value {CharityTeledon.model.Donor Maria Turc,Rodnei 36,0756221395}
2023-03-31 13:24:26,894 [1] INFO DonorDbRepository - Succesfully added value {CharityTeledon.model.Donor Maria Turc,Rodnei 36,0756221395}
2023-03-31 13:24:26,894 [1] INFO CaseDbRepository - Entering findOne with value 1
2023-03-31 13:24:26,894 [1] INFO CaseDbRepository - Exiting findOne with value {CharityTeledon.model.Case ANOHELP,3866,5}
2023-03-31 13:24:26,895 [1] INFO DonorDbRepository - Entering GetDonorsForCase for value {CharityTeledon.model.Case ANOHELP,3866,5}
2023-03-31 13:24:26,895 [1] INFO DonorDbRepository - Exiting GetDonorsForCase
2023-03-31 13:24:33,759 [1] INFO VolunteerDbRepository - Entering findVolunteerAccount with username sabinamuresan
2023-03-31 13:24:33,760 [1] INFO VolunteerDbRepository - Exiting findVolunteerAccount with value CharityTeledon.model.Volunteer
2023-03-31 13:24:33,778 [1] INFO CaseDbRepository - Entering GetAll 
2023-03-31 13:24:33,779 [1] INFO CaseDbRepository - Exiting GetAll
2023-03-31 13:24:37,849 [1] INFO DonorDbRepository - Entering GetAll 
2023-03-31 13:24:37,849 [1] INFO DonorDbRepository - Exiting GetAll
2023-03-31 13:29:11,948 [1] INFO CaseDbRepository - Creating CaseDbRepository
2023-03-31 13:29:11,959 [1] INFO DonationDbRepository - Creating DonationDbRepository 
2023-03-31 13:29:11,959 [1] INFO DonorDbRepository - Creating DonorDbRepository 
2023-03-31 13:29:11,959 [1] INFO VolunteerDbRepository - Creating VolunteerDbRepository 
2023-03-31 13:29:11,964 [1] INFO CaseDbRepository - Entering GetAll 
2023-03-31 13:29:12,024 [1] INFO CaseDbRepository - Exiting GetAll
2023-03-31 13:29:12,025 [1] INFO CaseDbRepository - Entering findOne with value 1
2023-03-31 13:29:12,030 [1] INFO CaseDbRepository - Exiting findOne with value {CharityTeledon.model.Case ANOHELP,3866,5}
2023-03-31 13:29:12,031 [1] INFO DonationDbRepository - Entering Add value {CharityTeledon.model.Donation 120,2,3}
2023-03-31 13:29:12,042 [1] INFO DonationDbRepository - Succesfully added value {CharityTeledon.model.Donation 120,2,3}
2023-03-31 13:29:12,047 [1] INFO DonorDbRepository - Entering Add value {CharityTeledon.model.Donor Maria Turc,Rodnei 36,0756221395}
2023-03-31 13:29:12,054 [1] INFO DonorDbRepository - Succesfully added value {CharityTeledon.model.Donor Maria Turc,Rodnei 36,0756221395}
2023-03-31 13:29:12,054 [1] INFO CaseDbRepository - Entering findOne with value 1
2023-03-31 13:29:12,055 [1] INFO CaseDbRepository - Exiting findOne with value {CharityTeledon.model.Case ANOHELP,3866,5}
2023-03-31 13:29:12,055 [1] INFO DonorDbRepository - Entering GetDonorsForCase for value {CharityTeledon.model.Case ANOHELP,3866,5}
2023-03-31 13:29:12,056 [1] INFO DonorDbRepository - Exiting GetDonorsForCase
2023-03-31 13:29:19,581 [1] INFO VolunteerDbRepository - Entering findVolunteerAccount with username sabinamuresan
2023-03-31 13:29:19,582 [1] INFO VolunteerDbRepository - Exiting findVolunteerAccount with value CharityTeledon.model.Volunteer
2023-03-31 13:29:19,600 [1] INFO CaseDbRepository - Entering GetAll 
2023-03-31 13:29:19,600 [1] INFO CaseDbRepository - Exiting GetAll
2023-03-31 13:29:25,199 [1] INFO DonorDbRepository - Entering GetAll 
2023-03-31 13:29:25,199 [1] INFO DonorDbRepository - Exiting GetAll
2023-03-31 13:38:01,114 [1] INFO CaseDbRepository - Creating CaseDbRepository
2023-03-31 13:38:01,121 [1] INFO DonationDbRepository - Creating DonationDbRepository 
2023-03-31 13:38:01,122 [1] INFO DonorDbRepository - Creating DonorDbRepository 
2023-03-31 13:38:01,122 [1] INFO VolunteerDbRepository - Creating VolunteerDbRepository 
2023-03-31 13:38:01,126 [1] INFO CaseDbRepository - Entering GetAll 
2023-03-31 13:38:01,185 [1] INFO CaseDbRepository - Exiting GetAll
2023-03-31 13:38:01,186 [1] INFO CaseDbRepository - Entering findOne with value 1
2023-03-31 13:38:01,191 [1] INFO CaseDbRepository - Exiting findOne with value {CharityTeledon.model.Case ANOHELP,3866,5}
2023-03-31 13:38:01,192 [1] INFO DonationDbRepository - Entering Add value {CharityTeledon.model.Donation 120,2,3}
2023-03-31 13:38:01,203 [1] INFO DonationDbRepository - Succesfully added value {CharityTeledon.model.Donation 120,2,3}
2023-03-31 13:38:01,209 [1] INFO DonorDbRepository - Entering Add value {CharityTeledon.model.Donor Maria Turc,Rodnei 36,0756221395}
2023-03-31 13:38:01,215 [1] INFO DonorDbRepository - Succesfully added value {CharityTeledon.model.Donor Maria Turc,Rodnei 36,0756221395}
2023-03-31 13:38:01,216 [1] INFO CaseDbRepository - Entering findOne with value 1
2023-03-31 13:38:01,216 [1] INFO CaseDbRepository - Exiting findOne with value {CharityTeledon.model.Case ANOHELP,3866,5}
2023-03-31 13:38:01,216 [1] INFO DonorDbRepository - Entering GetDonorsForCase for value {CharityTeledon.model.Case ANOHELP,3866,5}
2023-03-31 13:38:01,217 [1] INFO DonorDbRepository - Exiting GetDonorsForCase
2023-03-31 13:38:08,225 [1] INFO VolunteerDbRepository - Entering findVolunteerAccount with username sabinamuresan
2023-03-31 13:38:08,227 [1] INFO VolunteerDbRepository - Exiting findVolunteerAccount with value CharityTeledon.model.Volunteer
2023-03-31 13:38:08,243 [1] INFO CaseDbRepository - Entering GetAll 
2023-03-31 13:38:08,243 [1] INFO CaseDbRepository - Exiting GetAll
2023-03-31 13:38:10,160 [1] INFO DonorDbRepository - Entering GetAll 
2023-03-31 13:38:10,161 [1] INFO DonorDbRepository - Exiting GetAll
2023-03-31 13:49:05,044 [1] INFO CaseDbRepository - Creating CaseDbRepository
2023-03-31 13:49:05,051 [1] INFO DonationDbRepository - Creating DonationDbRepository 
2023-03-31 13:49:05,051 [1] INFO DonorDbRepository - Creating DonorDbRepository 
2023-03-31 13:49:05,052 [1] INFO VolunteerDbRepository - Creating VolunteerDbRepository 
2023-03-31 13:49:05,055 [1] INFO CaseDbRepository - Entering GetAll 
2023-03-31 13:49:05,113 [1] INFO CaseDbRepository - Exiting GetAll
2023-03-31 13:49:05,115 [1] INFO CaseDbRepository - Entering findOne with value 1
2023-03-31 13:49:05,119 [1] INFO CaseDbRepository - Exiting findOne with value {CharityTeledon.model.Case ANOHELP,3866,5}
2023-03-31 13:49:05,120 [1] INFO DonationDbRepository - Entering Add value {CharityTeledon.model.Donation 120,2,3}
2023-03-31 13:49:05,131 [1] INFO DonationDbRepository - Succesfully added value {CharityTeledon.model.Donation 120,2,3}
2023-03-31 13:49:05,137 [1] INFO DonorDbRepository - Entering Add value {CharityTeledon.model.Donor Maria Turc,Rodnei 36,0756221395}
2023-03-31 13:49:05,143 [1] INFO DonorDbRepository - Succesfully added value {CharityTeledon.model.Donor Maria Turc,Rodnei 36,0756221395}
2023-03-31 13:49:05,143 [1] INFO CaseDbRepository - Entering findOne with value 1
2023-03-31 13:49:05,144 [1] INFO CaseDbRepository - Exiting findOne with value {CharityTeledon.model.Case ANOHELP,3866,5}
2023-03-31 13:49:05,144 [1] INFO DonorDbRepository - Entering GetDonorsForCase for value {CharityTeledon.model.Case ANOHELP,3866,5}
2023-03-31 13:49:05,145 [1] INFO DonorDbRepository - Exiting GetDonorsForCase
2023-03-31 13:49:12,406 [1] INFO VolunteerDbRepository - Entering findVolunteerAccount with username sabinamuresan
2023-03-31 13:49:12,408 [1] INFO VolunteerDbRepository - Exiting findVolunteerAccount with value CharityTeledon.model.Volunteer
2023-03-31 13:49:12,423 [1] INFO CaseDbRepository - Entering GetAll 
2023-03-31 13:49:12,423 [1] INFO CaseDbRepository - Exiting GetAll
2023-03-31 13:49:14,517 [1] INFO DonorDbRepository - Entering GetAll 
2023-03-31 13:49:14,518 [1] INFO DonorDbRepository - Exiting GetAll
2023-03-31 13:50:01,506 [1] INFO CaseDbRepository - Creating CaseDbRepository
2023-03-31 13:50:01,515 [1] INFO DonationDbRepository - Creating DonationDbRepository 
2023-03-31 13:50:01,515 [1] INFO DonorDbRepository - Creating DonorDbRepository 
2023-03-31 13:50:01,515 [1] INFO VolunteerDbRepository - Creating VolunteerDbRepository 
2023-03-31 13:50:01,520 [1] INFO CaseDbRepository - Entering GetAll 
2023-03-31 13:50:01,584 [1] INFO CaseDbRepository - Exiting GetAll
2023-03-31 13:50:01,586 [1] INFO CaseDbRepository - Entering findOne with value 1
2023-03-31 13:50:01,590 [1] INFO CaseDbRepository - Exiting findOne with value {CharityTeledon.model.Case ANOHELP,3866,5}
2023-03-31 13:50:01,591 [1] INFO DonationDbRepository - Entering Add value {CharityTeledon.model.Donation 120,2,3}
2023-03-31 13:50:01,600 [1] INFO DonationDbRepository - Succesfully added value {CharityTeledon.model.Donation 120,2,3}
2023-03-31 13:50:01,606 [1] INFO DonorDbRepository - Entering Add value {CharityTeledon.model.Donor Maria Turc,Rodnei 36,0756221395}
2023-03-31 13:50:01,614 [1] INFO DonorDbRepository - Succesfully added value {CharityTeledon.model.Donor Maria Turc,Rodnei 36,0756221395}
2023-03-31 13:50:01,614 [1] INFO CaseDbRepository - Entering findOne with value 1
2023-03-31 13:50:01,614 [1] INFO CaseDbRepository - Exiting findOne with value {CharityTeledon.model.Case ANOHELP,3866,5}
2023-03-31 13:50:01,614 [1] INFO DonorDbRepository - Entering GetDonorsForCase for value {CharityTeledon.model.Case ANOHELP,3866,5}
2023-03-31 13:50:01,615 [1] INFO DonorDbRepository - Exiting GetDonorsForCase
2023-03-31 13:50:09,253 [1] INFO VolunteerDbRepository - Entering findVolunteerAccount with username sabinamuresan
2023-03-31 13:50:09,254 [1] INFO VolunteerDbRepository - Exiting findVolunteerAccount with value CharityTeledon.model.Volunteer
2023-03-31 13:50:09,270 [1] INFO CaseDbRepository - Entering GetAll 
2023-03-31 13:50:09,270 [1] INFO CaseDbRepository - Exiting GetAll
2023-03-31 13:50:11,177 [1] INFO DonorDbRepository - Entering GetAll 
2023-03-31 13:50:11,177 [1] INFO DonorDbRepository - Exiting GetAll
2023-03-31 14:01:11,907 [1] INFO CaseDbRepository - Creating CaseDbRepository
2023-03-31 14:01:11,915 [1] INFO DonationDbRepository - Creating DonationDbRepository 
2023-03-31 14:01:11,915 [1] INFO DonorDbRepository - Creating DonorDbRepository 
2023-03-31 14:01:11,915 [1] INFO VolunteerDbRepository - Creating VolunteerDbRepository 
2023-03-31 14:01:11,952 [1] INFO CaseDbRepository - Entering GetAll 
2023-03-31 14:01:12,054 [1] INFO CaseDbRepository - Exiting GetAll
2023-03-31 14:01:12,056 [1] INFO CaseDbRepository - Entering findOne with value 1
2023-03-31 14:01:12,059 [1] INFO CaseDbRepository - Exiting findOne with value {CharityTeledon.model.Case ANOHELP,3866,5}
2023-03-31 14:01:12,060 [1] INFO DonationDbRepository - Entering Add value {CharityTeledon.model.Donation 120,2,3}
2023-03-31 14:01:12,068 [1] INFO DonationDbRepository - Succesfully added value {CharityTeledon.model.Donation 120,2,3}
2023-03-31 14:01:12,075 [1] INFO DonorDbRepository - Entering Add value {CharityTeledon.model.Donor Maria Turc,Rodnei 36,0756221395}
2023-03-31 14:01:12,082 [1] INFO DonorDbRepository - Succesfully added value {CharityTeledon.model.Donor Maria Turc,Rodnei 36,0756221395}
2023-03-31 14:01:12,082 [1] INFO CaseDbRepository - Entering findOne with value 1
2023-03-31 14:01:12,082 [1] INFO CaseDbRepository - Exiting findOne with value {CharityTeledon.model.Case ANOHELP,3866,5}
2023-03-31 14:01:12,083 [1] INFO DonorDbRepository - Entering GetDonorsForCase for value {CharityTeledon.model.Case ANOHELP,3866,5}
2023-03-31 14:01:12,083 [1] INFO DonorDbRepository - Exiting GetDonorsForCase
2023-03-31 14:01:36,118 [1] INFO CaseDbRepository - Creating CaseDbRepository
2023-03-31 14:01:36,128 [1] INFO DonationDbRepository - Creating DonationDbRepository 
2023-03-31 14:01:36,128 [1] INFO DonorDbRepository - Creating DonorDbRepository 
2023-03-31 14:01:36,128 [1] INFO VolunteerDbRepository - Creating VolunteerDbRepository 
2023-03-31 14:01:36,141 [1] INFO CaseDbRepository - Entering GetAll 
2023-03-31 14:01:36,238 [1] INFO CaseDbRepository - Exiting GetAll
2023-03-31 14:01:36,240 [1] INFO CaseDbRepository - Entering findOne with value 1
2023-03-31 14:01:36,244 [1] INFO CaseDbRepository - Exiting findOne with value {CharityTeledon.model.Case ANOHELP,3866,5}
2023-03-31 14:01:36,245 [1] INFO DonationDbRepository - Entering Add value {CharityTeledon.model.Donation 120,2,3}
2023-03-31 14:01:36,255 [1] INFO DonationDbRepository - Succesfully added value {CharityTeledon.model.Donation 120,2,3}
2023-03-31 14:01:36,261 [1] INFO DonorDbRepository - Entering Add value {CharityTeledon.model.Donor Maria Turc,Rodnei 36,0756221395}
2023-03-31 14:01:36,269 [1] INFO DonorDbRepository - Succesfully added value {CharityTeledon.model.Donor Maria Turc,Rodnei 36,0756221395}
2023-03-31 14:01:36,269 [1] INFO CaseDbRepository - Entering findOne with value 1
2023-03-31 14:01:36,271 [1] INFO CaseDbRepository - Exiting findOne with value {CharityTeledon.model.Case ANOHELP,3866,5}
2023-03-31 14:01:36,271 [1] INFO DonorDbRepository - Entering GetDonorsForCase for value {CharityTeledon.model.Case ANOHELP,3866,5}
2023-03-31 14:01:36,272 [1] INFO DonorDbRepository - Exiting GetDonorsForCase
2023-03-31 14:01:42,643 [1] INFO VolunteerDbRepository - Entering findVolunteerAccount with username sabinamuresan
2023-03-31 14:01:42,643 [1] INFO VolunteerDbRepository - Exiting findVolunteerAccount with value CharityTeledon.model.Volunteer
2023-03-31 14:01:42,658 [1] INFO CaseDbRepository - Entering GetAll 
2023-03-31 14:01:42,658 [1] INFO CaseDbRepository - Exiting GetAll
2023-03-31 14:01:45,303 [1] INFO DonorDbRepository - Entering GetAll 
2023-03-31 14:01:45,303 [1] INFO DonorDbRepository - Exiting GetAll
2023-03-31 14:03:21,314 [1] INFO CaseDbRepository - Creating CaseDbRepository
2023-03-31 14:03:21,327 [1] INFO DonationDbRepository - Creating DonationDbRepository 
2023-03-31 14:03:21,327 [1] INFO DonorDbRepository - Creating DonorDbRepository 
2023-03-31 14:03:21,328 [1] INFO VolunteerDbRepository - Creating VolunteerDbRepository 
2023-03-31 14:03:21,342 [1] INFO CaseDbRepository - Entering GetAll 
2023-03-31 14:03:21,447 [1] INFO CaseDbRepository - Exiting GetAll
2023-03-31 14:03:21,449 [1] INFO CaseDbRepository - Entering findOne with value 1
2023-03-31 14:03:21,456 [1] INFO CaseDbRepository - Exiting findOne with value {CharityTeledon.model.Case ANOHELP,3866,5}
2023-03-31 14:03:21,457 [1] INFO DonationDbRepository - Entering Add value {CharityTeledon.model.Donation 120,2,3}
2023-03-31 14:03:21,466 [1] INFO DonationDbRepository - Succesfully added value {CharityTeledon.model.Donation 120,2,3}
2023-03-31 14:03:21,477 [1] INFO DonorDbRepository - Entering Add value {CharityTeledon.model.Donor Maria Turc,Rodnei 36,0756221395}
2023-03-31 14:03:21,486 [1] INFO DonorDbRepository - Succesfully added value {CharityTeledon.model.Donor Maria Turc,Rodnei 36,0756221395}
2023-03-31 14:03:21,486 [1] INFO CaseDbRepository - Entering findOne with value 1
2023-03-31 14:03:21,487 [1] INFO CaseDbRepository - Exiting findOne with value {CharityTeledon.model.Case ANOHELP,3866,5}
2023-03-31 14:03:21,487 [1] INFO DonorDbRepository - Entering GetDonorsForCase for value {CharityTeledon.model.Case ANOHELP,3866,5}
2023-03-31 14:03:21,488 [1] INFO DonorDbRepository - Exiting GetDonorsForCase
2023-03-31 14:03:28,325 [1] INFO VolunteerDbRepository - Entering findVolunteerAccount with username sabinamuresan
2023-03-31 14:03:28,326 [1] INFO VolunteerDbRepository - Exiting findVolunteerAccount with value CharityTeledon.model.Volunteer
2023-03-31 14:03:28,344 [1] INFO CaseDbRepository - Entering GetAll 
2023-03-31 14:03:28,345 [1] INFO CaseDbRepository - Exiting GetAll
2023-03-31 14:03:31,612 [1] INFO DonorDbRepository - Entering GetAll 
2023-03-31 14:03:31,612 [1] INFO DonorDbRepository - Exiting GetAll
2023-03-31 14:06:16,999 [1] INFO CaseDbRepository - Creating CaseDbRepository
2023-03-31 14:06:17,009 [1] INFO DonationDbRepository - Creating DonationDbRepository 
2023-03-31 14:06:17,009 [1] INFO DonorDbRepository - Creating DonorDbRepository 
2023-03-31 14:06:17,009 [1] INFO VolunteerDbRepository - Creating VolunteerDbRepository 
2023-03-31 14:06:17,026 [1] INFO CaseDbRepository - Entering GetAll 
2023-03-31 14:06:17,118 [1] INFO CaseDbRepository - Exiting GetAll
2023-03-31 14:06:17,119 [1] INFO CaseDbRepository - Entering findOne with value 1
2023-03-31 14:06:17,123 [1] INFO CaseDbRepository - Exiting findOne with value {CharityTeledon.model.Case ANOHELP,3866,5}
2023-03-31 14:06:17,124 [1] INFO DonationDbRepository - Entering Add value {CharityTeledon.model.Donation 120,2,3}
2023-03-31 14:06:17,133 [1] INFO DonationDbRepository - Succesfully added value {CharityTeledon.model.Donation 120,2,3}
2023-03-31 14:06:17,139 [1] INFO DonorDbRepository - Entering Add value {CharityTeledon.model.Donor Maria Turc,Rodnei 36,0756221395}
2023-03-31 14:06:17,147 [1] INFO DonorDbRepository - Succesfully added value {CharityTeledon.model.Donor Maria Turc,Rodnei 36,0756221395}
2023-03-31 14:06:17,147 [1] INFO CaseDbRepository - Entering findOne with value 1
2023-03-31 14:06:17,147 [1] INFO CaseDbRepository - Exiting findOne with value {CharityTeledon.model.Case ANOHELP,3866,5}
2023-03-31 14:06:17,149 [1] INFO DonorDbRepository - Entering GetDonorsForCase for value {CharityTeledon.model.Case ANOHELP,3866,5}
2023-03-31 14:06:17,150 [1] INFO DonorDbRepository - Exiting GetDonorsForCase
2023-03-31 14:06:24,268 [1] INFO VolunteerDbRepository - Entering findVolunteerAccount with username sabinamuresan
2023-03-31 14:06:24,269 [1] INFO VolunteerDbRepository - Exiting findVolunteerAccount with value CharityTeledon.model.Volunteer
2023-03-31 14:06:24,281 [1] INFO CaseDbRepository - Entering GetAll 
2023-03-31 14:06:24,282 [1] INFO CaseDbRepository - Exiting GetAll
2023-03-31 14:06:28,105 [1] INFO DonorDbRepository - Entering GetAll 
2023-03-31 14:06:28,105 [1] INFO DonorDbRepository - Exiting GetAll
2023-03-31 14:07:14,241 [1] INFO CaseDbRepository - Creating CaseDbRepository
2023-03-31 14:07:14,248 [1] INFO DonationDbRepository - Creating DonationDbRepository 
2023-03-31 14:07:14,248 [1] INFO DonorDbRepository - Creating DonorDbRepository 
2023-03-31 14:07:14,249 [1] INFO VolunteerDbRepository - Creating VolunteerDbRepository 
2023-03-31 14:07:14,262 [1] INFO CaseDbRepository - Entering GetAll 
2023-03-31 14:07:14,353 [1] INFO CaseDbRepository - Exiting GetAll
2023-03-31 14:07:14,355 [1] INFO CaseDbRepository - Entering findOne with value 1
2023-03-31 14:07:14,358 [1] INFO CaseDbRepository - Exiting findOne with value {CharityTeledon.model.Case ANOHELP,3866,5}
2023-03-31 14:07:14,360 [1] INFO DonationDbRepository - Entering Add value {CharityTeledon.model.Donation 120,2,3}
2023-03-31 14:07:14,368 [1] INFO DonationDbRepository - Succesfully added value {CharityTeledon.model.Donation 120,2,3}
2023-03-31 14:07:14,374 [1] INFO DonorDbRepository - Entering Add value {CharityTeledon.model.Donor Maria Turc,Rodnei 36,0756221395}
2023-03-31 14:07:14,382 [1] INFO DonorDbRepository - Succesfully added value {CharityTeledon.model.Donor Maria Turc,Rodnei 36,0756221395}
2023-03-31 14:07:14,382 [1] INFO CaseDbRepository - Entering findOne with value 1
2023-03-31 14:07:14,382 [1] INFO CaseDbRepository - Exiting findOne with value {CharityTeledon.model.Case ANOHELP,3866,5}
2023-03-31 14:07:14,383 [1] INFO DonorDbRepository - Entering GetDonorsForCase for value {CharityTeledon.model.Case ANOHELP,3866,5}
2023-03-31 14:07:14,383 [1] INFO DonorDbRepository - Exiting GetDonorsForCase
2023-03-31 14:07:21,847 [1] INFO VolunteerDbRepository - Entering findVolunteerAccount with username sabinamuresan
2023-03-31 14:07:21,849 [1] INFO VolunteerDbRepository - Exiting findVolunteerAccount with value CharityTeledon.model.Volunteer
2023-03-31 14:07:21,864 [1] INFO CaseDbRepository - Entering GetAll 
2023-03-31 14:07:21,864 [1] INFO CaseDbRepository - Exiting GetAll
2023-03-31 14:07:25,010 [1] INFO DonorDbRepository - Entering GetAll 
2023-03-31 14:07:25,010 [1] INFO DonorDbRepository - Exiting GetAll
2023-04-03 14:33:31,450 [1] INFO CaseDbRepository - Creating CaseDbRepository
2023-04-03 14:33:31,465 [1] INFO DonationDbRepository - Creating DonationDbRepository 
2023-04-03 14:33:31,465 [1] INFO DonorDbRepository - Creating DonorDbRepository 
2023-04-03 14:33:31,466 [1] INFO VolunteerDbRepository - Creating VolunteerDbRepository 
2023-04-03 14:33:31,468 [1] INFO CaseDbRepository - Entering GetAll 
2023-04-03 14:33:31,899 [1] INFO CaseDbRepository - Exiting GetAll
2023-04-03 14:33:31,899 [1] INFO CaseDbRepository - Entering findOne with value 1
2023-04-03 14:33:31,906 [1] INFO CaseDbRepository - Exiting findOne with value {CharityTeledon.model.Case ANOHELP,3866,5}
2023-04-03 14:33:31,906 [1] INFO DonationDbRepository - Entering Add value {CharityTeledon.model.Donation 120,2,3}
2023-04-03 14:33:31,914 [1] INFO DonationDbRepository - Succesfully added value {CharityTeledon.model.Donation 120,2,3}
2023-04-03 14:33:31,923 [1] INFO DonorDbRepository - Entering Add value {CharityTeledon.model.Donor Maria Turc,Rodnei 36,0756221395}
2023-04-03 14:33:31,930 [1] INFO DonorDbRepository - Succesfully added value {CharityTeledon.model.Donor Maria Turc,Rodnei 36,0756221395}
2023-04-03 14:33:31,930 [1] INFO CaseDbRepository - Entering findOne with value 1
2023-04-03 14:33:31,930 [1] INFO CaseDbRepository - Exiting findOne with value {CharityTeledon.model.Case ANOHELP,3866,5}
2023-04-03 14:33:31,930 [1] INFO DonorDbRepository - Entering GetDonorsForCase for value {CharityTeledon.model.Case ANOHELP,3866,5}
2023-04-03 14:33:31,930 [1] INFO DonorDbRepository - Exiting GetDonorsForCase
2023-04-03 14:33:40,184 [1] INFO VolunteerDbRepository - Entering findVolunteerAccount with username sabinamuresan
2023-04-03 14:33:40,184 [1] INFO VolunteerDbRepository - Exiting findVolunteerAccount with value CharityTeledon.model.Volunteer
2023-04-03 14:33:40,216 [1] INFO CaseDbRepository - Entering GetAll 
2023-04-03 14:33:40,216 [1] INFO CaseDbRepository - Exiting GetAll
2023-04-03 14:33:45,810 [1] INFO DonorDbRepository - Entering GetAll 
2023-04-03 14:33:45,810 [1] INFO DonorDbRepository - Exiting GetAll
2023-04-03 14:51:46,923 [1] INFO CaseDbRepository - Creating CaseDbRepository
2023-04-03 14:51:46,934 [1] INFO DonationDbRepository - Creating DonationDbRepository 
2023-04-03 14:51:46,934 [1] INFO DonorDbRepository - Creating DonorDbRepository 
2023-04-03 14:51:46,935 [1] INFO VolunteerDbRepository - Creating VolunteerDbRepository 
2023-04-03 14:51:46,943 [1] INFO CaseDbRepository - Entering GetAll 
2023-04-03 14:51:47,191 [1] INFO CaseDbRepository - Exiting GetAll
2023-04-03 14:51:47,193 [1] INFO CaseDbRepository - Entering findOne with value 1
2023-04-03 14:51:47,197 [1] INFO CaseDbRepository - Exiting findOne with value {CharityTeledon.model.Case ANOHELP,3866,5}
2023-04-03 14:51:47,198 [1] INFO DonationDbRepository - Entering Add value {CharityTeledon.model.Donation 120,2,3}
2023-04-03 14:51:47,208 [1] INFO DonationDbRepository - Succesfully added value {CharityTeledon.model.Donation 120,2,3}
2023-04-03 14:51:47,216 [1] INFO DonorDbRepository - Entering Add value {CharityTeledon.model.Donor Maria Turc,Rodnei 36,0756221395}
2023-04-03 14:51:47,223 [1] INFO DonorDbRepository - Succesfully added value {CharityTeledon.model.Donor Maria Turc,Rodnei 36,0756221395}
2023-04-03 14:51:47,223 [1] INFO CaseDbRepository - Entering findOne with value 1
2023-04-03 14:51:47,223 [1] INFO CaseDbRepository - Exiting findOne with value {CharityTeledon.model.Case ANOHELP,3866,5}
2023-04-03 14:51:47,224 [1] INFO DonorDbRepository - Entering GetDonorsForCase for value {CharityTeledon.model.Case ANOHELP,3866,5}
2023-04-03 14:51:47,225 [1] INFO DonorDbRepository - Exiting GetDonorsForCase
2023-04-03 21:10:08,639 [1] INFO CaseDbRepository - Creating CaseDbRepository
2023-04-03 21:10:08,647 [1] INFO DonationDbRepository - Creating DonationDbRepository 
2023-04-03 21:10:08,647 [1] INFO DonorDbRepository - Creating DonorDbRepository 
2023-04-03 21:10:08,648 [1] INFO VolunteerDbRepository - Creating VolunteerDbRepository 
2023-04-03 21:10:08,652 [1] INFO CaseDbRepository - Entering GetAll 
2023-04-03 21:10:08,894 [1] INFO CaseDbRepository - Exiting GetAll
2023-04-03 21:10:08,896 [1] INFO CaseDbRepository - Entering findOne with value 1
2023-04-03 21:10:08,902 [1] INFO CaseDbRepository - Exiting findOne with value {CharityTeledon.model.Case ANOHELP,3866,5}
2023-04-03 21:10:08,903 [1] INFO DonationDbRepository - Entering Add value {CharityTeledon.model.Donation 120,2,3}
2023-04-03 21:10:08,911 [1] INFO DonationDbRepository - Succesfully added value {CharityTeledon.model.Donation 120,2,3}
2023-04-03 21:10:08,918 [1] INFO DonorDbRepository - Entering Add value {CharityTeledon.model.Donor Maria Turc,Rodnei 36,0756221395}
2023-04-03 21:10:08,927 [1] INFO DonorDbRepository - Succesfully added value {CharityTeledon.model.Donor Maria Turc,Rodnei 36,0756221395}
2023-04-03 21:10:08,927 [1] INFO CaseDbRepository - Entering findOne with value 1
2023-04-03 21:10:08,928 [1] INFO CaseDbRepository - Exiting findOne with value {CharityTeledon.model.Case ANOHELP,3866,5}
2023-04-03 21:10:08,928 [1] INFO DonorDbRepository - Entering GetDonorsForCase for value {CharityTeledon.model.Case ANOHELP,3866,5}
2023-04-03 21:10:08,929 [1] INFO DonorDbRepository - Exiting GetDonorsForCase
2023-04-03 21:10:20,517 [1] INFO VolunteerDbRepository - Entering findVolunteerAccount with username sabinamuresan
2023-04-03 21:10:20,517 [1] INFO VolunteerDbRepository - Exiting findVolunteerAccount with value CharityTeledon.model.Volunteer
2023-04-03 21:10:20,532 [1] INFO CaseDbRepository - Entering GetAll 
2023-04-03 21:10:20,533 [1] INFO CaseDbRepository - Exiting GetAll
2023-04-03 21:10:24,055 [1] INFO DonorDbRepository - Entering GetAll 
2023-04-03 21:10:24,056 [1] INFO DonorDbRepository - Exiting GetAll
2023-04-03 21:16:59,402 [1] INFO CaseDbRepository - Creating CaseDbRepository
2023-04-03 21:16:59,409 [1] INFO DonationDbRepository - Creating DonationDbRepository 
2023-04-03 21:16:59,409 [1] INFO DonorDbRepository - Creating DonorDbRepository 
2023-04-03 21:16:59,409 [1] INFO VolunteerDbRepository - Creating VolunteerDbRepository 
2023-04-03 21:16:59,413 [1] INFO CaseDbRepository - Entering updateSum 
2023-04-03 21:16:59,485 [1] INFO CaseDbRepository - Case with id 2 updated successfully!
2023-04-03 21:25:27,934 [1] INFO CaseDbRepository - Creating CaseDbRepository
2023-04-03 21:25:27,944 [1] INFO DonationDbRepository - Creating DonationDbRepository 
2023-04-03 21:25:27,944 [1] INFO DonorDbRepository - Creating DonorDbRepository 
2023-04-03 21:25:27,944 [1] INFO VolunteerDbRepository - Creating VolunteerDbRepository 
2023-04-03 21:25:36,479 [1] INFO VolunteerDbRepository - Entering findVolunteerAccount with username sabinamuresan
2023-04-03 21:25:36,542 [1] INFO VolunteerDbRepository - Exiting findVolunteerAccount with value CharityTeledon.model.Volunteer
2023-04-03 21:25:36,557 [1] INFO CaseDbRepository - Entering GetAll 
2023-04-03 21:25:36,558 [1] INFO CaseDbRepository - Exiting GetAll
2023-04-03 21:25:39,837 [1] INFO DonorDbRepository - Entering GetAll 
2023-04-03 21:25:39,837 [1] INFO DonorDbRepository - Exiting GetAll
2023-04-03 21:25:47,985 [1] INFO DonorDbRepository - Entering findByName with value Adrian Groza
2023-04-03 21:25:47,986 [1] INFO DonorDbRepository - Exiting findByName with value {CharityTeledon.model.Donor Adrian Groza,Aurel Vlaicu 19,0726666123}
2023-04-03 21:25:47,988 [1] INFO DonorDbRepository - Entering Add value {CharityTeledon.model.Donor Adrian Groza,Aurel Vlaicu 19,0726666123}
2023-04-03 21:25:48,003 [1] INFO DonorDbRepository - Succesfully added value {CharityTeledon.model.Donor Adrian Groza,Aurel Vlaicu 19,0726666123}
2023-04-03 21:25:48,003 [1] INFO DonorDbRepository - Entering findByName with value Adrian Groza
2023-04-03 21:25:48,004 [1] INFO DonorDbRepository - Exiting findByName with value {CharityTeledon.model.Donor Adrian Groza,Aurel Vlaicu 19,0726666123}
2023-04-03 21:25:48,005 [1] INFO CaseDbRepository - Entering findOne with value 3
2023-04-03 21:25:48,006 [1] INFO CaseDbRepository - Exiting findOne with value {CharityTeledon.model.Case Helpmas,10866}
2023-04-03 21:25:48,006 [1] INFO CaseDbRepository - Entering updateSum 
2023-04-03 21:25:48,013 [1] INFO CaseDbRepository - Case with id 3 updated successfully!
2023-04-03 21:25:48,013 [1] INFO DonationDbRepository - Entering Add value {CharityTeledon.model.Donation 222,3,3}
2023-04-03 21:25:48,021 [1] INFO DonationDbRepository - Succesfully added value {CharityTeledon.model.Donation 222,3,3}
2023-04-03 21:25:48,021 [1] INFO CaseDbRepository - Entering GetAll 
2023-04-03 21:25:48,021 [1] INFO CaseDbRepository - Exiting GetAll
2023-04-03 21:26:33,503 [1] INFO DonorDbRepository - Entering findByName with value Andrei Marcu
2023-04-03 21:26:33,505 [1] INFO DonorDbRepository - Exiting findByName with value {0}
2023-04-03 21:29:51,062 [1] INFO CaseDbRepository - Creating CaseDbRepository
2023-04-03 21:29:51,070 [1] INFO DonationDbRepository - Creating DonationDbRepository 
2023-04-03 21:29:51,070 [1] INFO DonorDbRepository - Creating DonorDbRepository 
2023-04-03 21:29:51,070 [1] INFO VolunteerDbRepository - Creating VolunteerDbRepository 
2023-04-03 21:30:27,691 [1] INFO VolunteerDbRepository - Entering findVolunteerAccount with username sabinamuresan
2023-04-03 21:30:27,930 [1] INFO VolunteerDbRepository - Exiting findVolunteerAccount with value CharityTeledon.model.Volunteer
2023-04-03 21:30:27,943 [1] INFO CaseDbRepository - Entering GetAll 
2023-04-03 21:30:27,945 [1] INFO CaseDbRepository - Exiting GetAll
2023-04-03 21:30:31,393 [1] INFO DonorDbRepository - Entering GetAll 
2023-04-03 21:30:31,394 [1] INFO DonorDbRepository - Exiting GetAll
2023-04-03 21:31:26,903 [1] INFO DonorDbRepository - Entering findByName with value Andrei Marcu
2023-04-03 21:31:26,903 [1] INFO DonorDbRepository - Exiting findByName with value {0}
2023-04-03 21:31:26,904 [1] INFO DonorDbRepository - Entering Add value {CharityTeledon.model.Donor Andrei Marcu,Sinaia 22,0755218022}
2023-04-03 21:31:26,913 [1] INFO DonorDbRepository - Succesfully added value {CharityTeledon.model.Donor Andrei Marcu,Sinaia 22,0755218022}
2023-04-03 21:31:26,913 [1] INFO DonorDbRepository - Entering findByName with value Andrei Marcu
2023-04-03 21:31:26,914 [1] INFO DonorDbRepository - Exiting findByName with value {CharityTeledon.model.Donor Andrei Marcu,Sinaia 22,0755218022}
2023-04-03 21:31:26,915 [1] INFO CaseDbRepository - Entering findOne with value 1
2023-04-03 21:31:26,915 [1] INFO CaseDbRepository - Exiting findOne with value {CharityTeledon.model.Case ANOHELP,3866,5}
2023-04-03 21:31:26,916 [1] INFO CaseDbRepository - Entering updateSum 
2023-04-03 21:31:26,923 [1] INFO CaseDbRepository - Case with id 1 updated successfully!
2023-04-03 21:31:26,924 [1] INFO DonationDbRepository - Entering Add value {CharityTeledon.model.Donation 100,1,72}
2023-04-03 21:31:26,931 [1] INFO DonationDbRepository - Succesfully added value {CharityTeledon.model.Donation 100,1,72}
2023-04-03 21:31:26,931 [1] INFO CaseDbRepository - Entering GetAll 
2023-04-03 21:31:26,931 [1] INFO CaseDbRepository - Exiting GetAll
2023-04-03 21:32:44,078 [1] INFO DonorDbRepository - Entering GetAll 
2023-04-03 21:32:44,080 [1] INFO DonorDbRepository - Exiting GetAll
2023-04-03 21:32:57,044 [1] INFO DonorDbRepository - Entering findByName with value Andrei Marcu
2023-04-03 21:32:57,045 [1] INFO DonorDbRepository - Exiting findByName with value {CharityTeledon.model.Donor Andrei Marcu,Sinaia 22,0755218022}
2023-04-03 21:32:57,045 [1] INFO CaseDbRepository - Entering findOne with value 2
2023-04-03 21:32:57,045 [1] INFO CaseDbRepository - Exiting findOne with value {CharityTeledon.model.Case Salvati copiii,8901}
2023-04-03 21:32:57,046 [1] INFO CaseDbRepository - Entering updateSum 
2023-04-03 21:32:57,064 [1] INFO CaseDbRepository - Case with id 2 updated successfully!
2023-04-03 21:32:57,064 [1] INFO DonationDbRepository - Entering Add value {CharityTeledon.model.Donation 1000,2,72}
2023-04-03 21:32:57,075 [1] INFO DonationDbRepository - Succesfully added value {CharityTeledon.model.Donation 1000,2,72}
2023-04-03 21:32:57,075 [1] INFO CaseDbRepository - Entering GetAll 
2023-04-03 21:32:57,076 [1] INFO CaseDbRepository - Exiting GetAll
2023-04-05 08:05:28,862 [1] INFO CaseDbRepository - Creating CaseDbRepository
2023-04-05 08:05:28,871 [1] INFO DonationDbRepository - Creating DonationDbRepository 
2023-04-05 08:05:28,871 [1] INFO DonorDbRepository - Creating DonorDbRepository 
2023-04-05 08:05:28,871 [1] INFO VolunteerDbRepository - Creating VolunteerDbRepository 
2023-04-05 08:05:36,655 [1] INFO VolunteerDbRepository - Entering findVolunteerAccount with username sabinamuresan
2023-04-05 08:05:36,877 [1] INFO VolunteerDbRepository - Exiting findVolunteerAccount with value CharityTeledon.model.Volunteer
2023-04-05 08:05:36,895 [1] INFO CaseDbRepository - Entering GetAll 
2023-04-05 08:05:36,899 [1] INFO CaseDbRepository - Exiting GetAll
2023-04-05 08:05:40,705 [1] INFO DonorDbRepository - Entering GetAll 
2023-04-05 08:05:40,705 [1] INFO DonorDbRepository - Exiting GetAll
2023-04-05 08:05:59,837 [1] INFO DonorDbRepository - Entering findByName with value Liam Moldovan
2023-04-05 08:05:59,838 [1] INFO DonorDbRepository - Exiting findByName with value {CharityTeledon.model.Donor Liam Moldovan,Costache Negruzzi 5,0756221112}
2023-04-05 08:05:59,841 [1] INFO CaseDbRepository - Entering findOne with value 2
2023-04-05 08:05:59,843 [1] INFO CaseDbRepository - Exiting findOne with value {CharityTeledon.model.Case Salvati copiii,11101}
2023-04-05 08:05:59,844 [1] INFO CaseDbRepository - Entering updateSum 
2023-04-05 08:05:59,865 [1] INFO CaseDbRepository - Case with id 2 updated successfully!
2023-04-05 08:05:59,866 [1] INFO DonationDbRepository - Entering Add value {CharityTeledon.model.Donation 200,2,25}
2023-04-05 08:05:59,875 [1] INFO DonationDbRepository - Succesfully added value {CharityTeledon.model.Donation 200,2,25}
2023-04-05 08:05:59,875 [1] INFO CaseDbRepository - Entering GetAll 
2023-04-05 08:05:59,875 [1] INFO CaseDbRepository - Exiting GetAll
2023-04-05 08:10:08,740 [1] INFO CaseDbRepository - Creating CaseDbRepository
2023-04-05 08:10:08,748 [1] INFO DonationDbRepository - Creating DonationDbRepository 
2023-04-05 08:10:08,749 [1] INFO DonorDbRepository - Creating DonorDbRepository 
2023-04-05 08:10:08,749 [1] INFO VolunteerDbRepository - Creating VolunteerDbRepository 
2023-04-05 08:10:15,366 [1] INFO VolunteerDbRepository - Entering findVolunteerAccount with username sabinamuresan
2023-04-05 08:10:15,436 [1] INFO VolunteerDbRepository - Exiting findVolunteerAccount with value CharityTeledon.model.Volunteer
2023-04-05 08:10:15,456 [1] INFO CaseDbRepository - Entering GetAll 
2023-04-05 08:10:15,457 [1] INFO CaseDbRepository - Exiting GetAll
2023-04-05 08:10:18,289 [1] INFO DonorDbRepository - Entering GetAll 
2023-04-05 08:10:18,290 [1] INFO DonorDbRepository - Exiting GetAll
2023-04-05 08:10:26,540 [1] INFO DonorDbRepository - Entering findByName with value Adrian Groza
2023-04-05 08:10:26,541 [1] INFO DonorDbRepository - Exiting findByName with value {CharityTeledon.model.Donor Adrian Groza,Aurel Vlaicu 19,0726666123}
2023-04-05 08:10:26,545 [1] INFO CaseDbRepository - Entering findOne with value 2
2023-04-05 08:10:26,546 [1] INFO CaseDbRepository - Exiting findOne with value {CharityTeledon.model.Case Salvati copiii,11501}
2023-04-05 08:10:26,547 [1] INFO CaseDbRepository - Entering updateSum 
2023-04-05 08:10:26,567 [1] INFO CaseDbRepository - Case with id 2 updated successfully!
2023-04-05 08:10:26,567 [1] INFO DonationDbRepository - Entering Add value {CharityTeledon.model.Donation 150,2,3}
2023-04-05 08:10:26,577 [1] INFO DonationDbRepository - Succesfully added value {CharityTeledon.model.Donation 150,2,3}
2023-04-05 08:10:26,577 [1] INFO CaseDbRepository - Entering GetAll 
2023-04-05 08:10:26,577 [1] INFO CaseDbRepository - Exiting GetAll
2023-04-05 08:10:45,420 [1] INFO DonorDbRepository - Entering findByName with value Marius Preda
2023-04-05 08:10:45,421 [1] INFO DonorDbRepository - Exiting findByName with value {0}
2023-04-05 08:10:45,423 [1] INFO DonorDbRepository - Entering Add value {CharityTeledon.model.Donor Marius Preda,Aurel Vlaicu 50,0726666226}
2023-04-05 08:10:45,444 [1] INFO DonorDbRepository - Succesfully added value {CharityTeledon.model.Donor Marius Preda,Aurel Vlaicu 50,0726666226}
2023-04-05 08:10:45,444 [1] INFO DonorDbRepository - Entering findByName with value Marius Preda
2023-04-05 08:10:45,445 [1] INFO DonorDbRepository - Exiting findByName with value {CharityTeledon.model.Donor Marius Preda,Aurel Vlaicu 50,0726666226}
2023-04-05 08:10:45,445 [1] INFO CaseDbRepository - Entering findOne with value 2
2023-04-05 08:10:45,446 [1] INFO CaseDbRepository - Exiting findOne with value {CharityTeledon.model.Case Salvati copiii,11651}
2023-04-05 08:10:45,447 [1] INFO CaseDbRepository - Entering updateSum 
2023-04-05 08:10:45,456 [1] INFO CaseDbRepository - Case with id 2 updated successfully!
2023-04-05 08:10:45,456 [1] INFO DonationDbRepository - Entering Add value {CharityTeledon.model.Donation 150,2,79}
2023-04-05 08:10:45,463 [1] INFO DonationDbRepository - Succesfully added value {CharityTeledon.model.Donation 150,2,79}
2023-04-05 08:10:45,463 [1] INFO CaseDbRepository - Entering GetAll 
2023-04-05 08:10:45,463 [1] INFO CaseDbRepository - Exiting GetAll
2023-04-05 08:11:03,913 [1] INFO DonorDbRepository - Entering findByName with value Marius Preda
2023-04-05 08:11:03,914 [1] INFO DonorDbRepository - Exiting findByName with value {CharityTeledon.model.Donor Marius Preda,Aurel Vlaicu 50,0726666226}
2023-04-05 08:11:03,914 [1] INFO CaseDbRepository - Entering findOne with value 2
2023-04-05 08:11:03,916 [1] INFO CaseDbRepository - Exiting findOne with value {CharityTeledon.model.Case Salvati copiii,11801}
2023-04-05 08:11:03,916 [1] INFO CaseDbRepository - Entering updateSum 
2023-04-05 08:11:03,936 [1] INFO CaseDbRepository - Case with id 2 updated successfully!
2023-04-05 08:11:03,936 [1] INFO DonationDbRepository - Entering Add value {CharityTeledon.model.Donation 300,2,79}
2023-04-05 08:11:03,944 [1] INFO DonationDbRepository - Succesfully added value {CharityTeledon.model.Donation 300,2,79}
2023-04-05 08:11:03,945 [1] INFO CaseDbRepository - Entering GetAll 
2023-04-05 08:11:03,945 [1] INFO CaseDbRepository - Exiting GetAll
2023-04-05 08:15:26,692 [1] INFO CaseDbRepository - Creating CaseDbRepository
2023-04-05 08:15:26,702 [1] INFO DonationDbRepository - Creating DonationDbRepository 
2023-04-05 08:15:26,703 [1] INFO DonorDbRepository - Creating DonorDbRepository 
2023-04-05 08:15:26,703 [1] INFO VolunteerDbRepository - Creating VolunteerDbRepository 
2023-04-05 08:15:33,817 [1] INFO VolunteerDbRepository - Entering findVolunteerAccount with username sabinamuresan
2023-04-05 08:15:33,883 [1] INFO VolunteerDbRepository - Exiting findVolunteerAccount with value CharityTeledon.model.Volunteer
2023-04-05 08:15:33,899 [1] INFO CaseDbRepository - Entering GetAll 
2023-04-05 08:15:33,900 [1] INFO CaseDbRepository - Exiting GetAll
2023-04-05 08:15:39,260 [1] INFO DonorDbRepository - Entering GetAll 
2023-04-05 08:15:39,261 [1] INFO DonorDbRepository - Exiting GetAll
2023-04-05 08:16:19,648 [1] INFO DonorDbRepository - Entering findByName with value Anda Stefan
2023-04-05 08:16:19,650 [1] INFO DonorDbRepository - Exiting findByName with value {0}
2023-04-05 08:16:19,652 [1] INFO DonorDbRepository - Entering Add value {CharityTeledon.model.Donor Anda Stefan,Paris 5,0731946221}
2023-04-05 08:16:19,673 [1] INFO DonorDbRepository - Succesfully added value {CharityTeledon.model.Donor Anda Stefan,Paris 5,0731946221}
2023-04-05 08:16:19,673 [1] INFO DonorDbRepository - Entering findByName with value Anda Stefan
2023-04-05 08:16:19,673 [1] INFO DonorDbRepository - Exiting findByName with value {CharityTeledon.model.Donor Anda Stefan,Paris 5,0731946221}
2023-04-05 08:16:19,674 [1] INFO DonorDbRepository - Entering GetAll 
2023-04-05 08:16:19,674 [1] INFO DonorDbRepository - Exiting GetAll
2023-04-05 08:16:19,685 [1] INFO CaseDbRepository - Entering findOne with value 3
2023-04-05 08:16:19,686 [1] INFO CaseDbRepository - Exiting findOne with value {CharityTeledon.model.Case Helpmas,11338}
2023-04-05 08:16:19,686 [1] INFO CaseDbRepository - Entering updateSum 
2023-04-05 08:16:19,693 [1] INFO CaseDbRepository - Case with id 3 updated successfully!
2023-04-05 08:16:19,695 [1] INFO DonationDbRepository - Entering Add value {CharityTeledon.model.Donation 2000,3,80}
2023-04-05 08:16:19,702 [1] INFO DonationDbRepository - Succesfully added value {CharityTeledon.model.Donation 2000,3,80}
2023-04-05 08:16:19,702 [1] INFO CaseDbRepository - Entering GetAll 
2023-04-05 08:16:19,703 [1] INFO CaseDbRepository - Exiting GetAll
